#
# A fatal error has been detected by the Java Runtime Environment:
#
#  EXCEPTION_ACCESS_VIOLATION (0xc0000005) at pc=0x00007ff898b228ee, pid=6636, tid=0x00000000000030bc
#
# JRE version: Java(TM) SE Runtime Environment (8.0_191-b12) (build 1.8.0_191-b12)
# Java VM: Java HotSpot(TM) 64-Bit Server VM (25.191-b12 mixed mode windows-amd64 compressed oops)
# Problematic frame:
# C  [cplex1280remotejni.dll+0x3a28ee]
#
# Failed to write core dump. Minidumps are not enabled by default on client versions of Windows
#
# If you would like to submit a bug report, please visit:
#   http://bugreport.java.com/bugreport/crash.jsp
# The crash happened outside the Java Virtual Machine in native code.
# See problematic frame for where to report the bug.
#

---------------  T H R E A D  ---------------

Current thread (0x00000000025b2800):  JavaThread "main" [_thread_in_native, id=12476, stack(0x0000000002410000,0x0000000002510000)]

siginfo: ExceptionCode=0xc0000005, reading address 0xffffffffffffffff

Registers:
RAX=0x0000000000000001, RBX=0x0000000000000000, RCX=0x00000000008a4610, RDX=0x0000000000000001
RSP=0x000000000250eb40, RBP=0x0000000000000000, RSI=0x00000000008ab260, RDI=0x00000000008a4300
R8 =0x0000000000000004, R9 =0x000000001831ef88, R10=0x00000000008a44f0, R11=0x00000000008a42f0
R12=0x00000000008a4a50, R13=0x90000100d8780163, R14=0xbff0000000000000, R15=0x0000000000000001
RIP=0x00007ff898b228ee, EFLAGS=0x0000000000010203

Top of Stack: (sp=0x000000000250eb40)
0x000000000250eb40:   0000000000000001 0000000000000040
0x000000000250eb50:   0000000000000000 00000000003911a0
0x000000000250eb60:   00000000182b8940 0000000000000000
0x000000000250eb70:   00000000008ab620 0000000000000001
0x000000000250eb80:   0000000000000001 000000000250ebc0
0x000000000250eb90:   0000000000000001 00007ff898bd2862
0x000000000250eba0:   0000000000000008 000000000089f800
0x000000000250ebb0:   0000000000000001 00000000008a4610
0x000000000250ebc0:   00000000008a4a50 00000000184e7930
0x000000000250ebd0:   0000000000000000 0000000000000000
0x000000000250ebe0:   0000000000000000 00000000008a42f0
0x000000000250ebf0:   00000000008a44f0 0000000000000010
0x000000000250ec00:   0000000000000010 0000000000967510
0x000000000250ec10:   00000000184e7930 0000000000967510
0x000000000250ec20:   0000000000000001 0000000000000000
0x000000000250ec30:   0000000000000000 0000000000000000 

Instructions: (pc=0x00007ff898b228ee)
0x00007ff898b228ce:   f4 53 01 66 0f 2f c1 4a 63 14 bf 72 03 0f 28 d0
0x00007ff898b228de:   66 0f 2e d0 7a 06 0f 84 34 04 00 00 4d 8b 2c d3
0x00007ff898b228ee:   43 89 2c ac 4d 8b 2c d3 4d 8b 31 4e 89 34 e9 49
0x00007ff898b228fe:   ff 04 d3 49 ff c7 49 83 c1 08 4d 3b f8 7c b5 4c 


Register to memory mapping:

RAX=0x0000000000000001 is an unknown value
RBX=0x0000000000000000 is an unknown value
RCX=0x00000000008a4610 is an unknown value
RDX=0x0000000000000001 is an unknown value
RSP=0x000000000250eb40 is pointing into the stack for thread: 0x00000000025b2800
RBP=0x0000000000000000 is an unknown value
RSI=0x00000000008ab260 is an unknown value
RDI=0x00000000008a4300 is an unknown value
R8 =0x0000000000000004 is an unknown value
R9 =0x000000001831ef88 is an unknown value
R10=0x00000000008a44f0 is an unknown value
R11=0x00000000008a42f0 is an unknown value
R12=0x00000000008a4a50 is an unknown value
R13=0x90000100d8780163 is an unknown value
R14=0xbff0000000000000 is an unknown value
R15=0x0000000000000001 is an unknown value


Stack: [0x0000000002410000,0x0000000002510000],  sp=0x000000000250eb40,  free space=1018k
Native frames: (J=compiled Java code, j=interpreted, Vv=VM code, C=native code)

Java frames: (J=compiled Java code, j=interpreted, Vv=VM code)
j  ilog.cplex.Cplex.CPXaddrows(JJIII[D[B[I[I[D[Ljava/lang/String;[Ljava/lang/String;)I+0
j  ilog.cplex.CplexI._addRows(I[D[D[I[I[D[Ljava/lang/String;)V+221
j  ilog.cplex.CplexI.addRow(Lilog/cplex/CpxRange;DDI[I[DLjava/lang/String;)Lilog/cplex/CplexIndex;+67
j  ilog.cplex.CpxRange.init(Lilog/cplex/CplexI;DDI[D[Lilog/cplex/CpxNumVar;)V+81
j  ilog.cplex.CpxRange.<init>(Lilog/cplex/CplexI;DLilog/cplex/CpxNumExpr;DLjava/lang/String;)V+202
j  ilog.cplex.IloCplexModeler.addRange(Lilog/cplex/CplexI;DLilog/concert/IloNumExpr;DLjava/lang/String;)Lilog/concert/IloRange;+38
j  ilog.cplex.IloCplexModeler.addEq(DLilog/concert/IloNumExpr;)Lilog/concert/IloRange;+9
j  heuristic.SocialOptimum.solveDSSP(LgraphModel/Graphs;)V+524
j  heuristic.SocialOptimum.<init>(LgraphModel/Graphs;)V+57
j  TestCaseSiouxFalls.SiouxFalls.main([Ljava/lang/String;)V+2860
v  ~StubRoutines::call_stub

---------------  P R O C E S S  ---------------

Java Threads: ( => current thread )
  0x0000000016bde800 JavaThread "Service Thread" daemon [_thread_blocked, id=9868, stack(0x0000000017df0000,0x0000000017ef0000)]
  0x0000000016bd8000 JavaThread "C1 CompilerThread1" daemon [_thread_blocked, id=13296, stack(0x0000000017cf0000,0x0000000017df0000)]
  0x0000000016b79800 JavaThread "C2 CompilerThread0" daemon [_thread_blocked, id=9700, stack(0x0000000017bf0000,0x0000000017cf0000)]
  0x0000000016b78000 JavaThread "Attach Listener" daemon [_thread_blocked, id=12692, stack(0x0000000017af0000,0x0000000017bf0000)]
  0x0000000016b82800 JavaThread "Signal Dispatcher" daemon [_thread_blocked, id=11684, stack(0x00000000179f0000,0x0000000017af0000)]
  0x0000000016b68800 JavaThread "Finalizer" daemon [_thread_blocked, id=9420, stack(0x00000000177c0000,0x00000000178c0000)]
  0x00000000026a0000 JavaThread "Reference Handler" daemon [_thread_blocked, id=1588, stack(0x00000000176c0000,0x00000000177c0000)]
=>0x00000000025b2800 JavaThread "main" [_thread_in_native, id=12476, stack(0x0000000002410000,0x0000000002510000)]

Other Threads:
  0x0000000016b47000 VMThread [stack: 0x00000000175c0000,0x00000000176c0000] [id=11724]
  0x0000000016bf4800 WatcherThread [stack: 0x0000000017ef0000,0x0000000017ff0000] [id=6132]

VM state:not at safepoint (normal execution)

VM Mutex/Monitor currently owned by a thread: None

Heap:
 PSYoungGen      total 35840K, used 11323K [0x00000000d8380000, 0x00000000dab80000, 0x0000000100000000)
  eden space 30720K, 36% used [0x00000000d8380000,0x00000000d8e8ef88,0x00000000da180000)
  from space 5120K, 0% used [0x00000000da680000,0x00000000da680000,0x00000000dab80000)
  to   space 5120K, 0% used [0x00000000da180000,0x00000000da180000,0x00000000da680000)
 ParOldGen       total 81920K, used 0K [0x0000000088a00000, 0x000000008da00000, 0x00000000d8380000)
  object space 81920K, 0% used [0x0000000088a00000,0x0000000088a00000,0x000000008da00000)
 Metaspace       used 5384K, capacity 6118K, committed 6400K, reserved 1056768K
  class space    used 588K, capacity 665K, committed 768K, reserved 1048576K

Card table byte_map: [0x0000000011a70000,0x0000000011e30000] byte_map_base: 0x000000001162b000

Marking Bits: (ParMarkBitMap*) 0x00000000765f3e30
 Begin Bits: [0x00000000122b0000, 0x0000000014088000)
 End Bits:   [0x0000000014088000, 0x0000000015e60000)

Polling page: 0x0000000000820000

CodeCache: size=245760Kb used=2346Kb max_used=2358Kb free=243413Kb
 bounds [0x00000000026b0000, 0x0000000002920000, 0x00000000116b0000]
 total_blobs=999 nmethods=568 adapters=345
 compilation: enabled

Compilation events (10 events):
Event: 3.039 Thread 0x0000000016bd8000  564       3       ilog.cplex.CpxLinearExpr::<init> (10 bytes)
Event: 3.039 Thread 0x0000000016bd8000 nmethod 564 0x00000000028f9410 code [0x00000000028f9580, 0x00000000028f9728]
Event: 3.039 Thread 0x0000000016bd8000  566       3       java.lang.Double::doubleValue (5 bytes)
Event: 3.039 Thread 0x0000000016bd8000 nmethod 566 0x00000000028f97d0 code [0x00000000028f9920, 0x00000000028f9a70]
Event: 3.039 Thread 0x0000000016bd8000  556       3       ilog.cplex.CplexI::getXcache (29 bytes)
Event: 3.040 Thread 0x0000000016bd8000 nmethod 556 0x00000000028f9ad0 code [0x00000000028f9c40, 0x00000000028f9f38]
Event: 3.043 Thread 0x0000000016b79800  567       4       java.lang.AbstractStringBuilder::append (50 bytes)
Event: 3.043 Thread 0x0000000016bd8000  568       3       ilog.cplex.IloCplexModeler::sum (86 bytes)
Event: 3.044 Thread 0x0000000016bd8000 nmethod 568 0x00000000028fa010 code [0x00000000028fa240, 0x00000000028fb0e8]
Event: 3.051 Thread 0x0000000016b79800 nmethod 567 0x00000000028fe710 code [0x00000000028fe860, 0x00000000028fec58]

GC Heap History (0 events):
No events

Deoptimization events (0 events):
No events

Classes redefined (0 events):
No events

Internal exceptions (4 events):
Event: 0.102 Thread 0x00000000025b2800 Exception <a 'java/lang/NoSuchMethodError': Method sun.misc.Unsafe.defineClass(Ljava/lang/String;[BII)Ljava/lang/Class; name or signature does not match> (0x00000000d8387cb0) thrown at [C:\re\workspace\8-2-build-windows-amd64-cygwin\jdk8u191\11896\hotspot
Event: 0.103 Thread 0x00000000025b2800 Exception <a 'java/lang/NoSuchMethodError': Method sun.misc.Unsafe.prefetchRead(Ljava/lang/Object;J)V name or signature does not match> (0x00000000d8387f98) thrown at [C:\re\workspace\8-2-build-windows-amd64-cygwin\jdk8u191\11896\hotspot\src\share\vm\prim
Event: 1.945 Thread 0x00000000025b2800 Exception <a 'java/lang/NoSuchFieldError': method resolution failed> (0x00000000d860d160) thrown at [C:\re\workspace\8-2-build-windows-amd64-cygwin\jdk8u191\11896\hotspot\src\share\vm\prims\methodHandles.cpp, line 1167]
Event: 1.957 Thread 0x00000000025b2800 Exception <a 'java/lang/NoSuchFieldError': method resolution failed> (0x00000000d861a530) thrown at [C:\re\workspace\8-2-build-windows-amd64-cygwin\jdk8u191\11896\hotspot\src\share\vm\prims\methodHandles.cpp, line 1167]

Events (10 events):
Event: 2.954 loading class bai_A/Mintb_FC
Event: 2.954 loading class bai_A/Mintb_FC done
Event: 2.955 loading class heuristic/DSSP
Event: 2.955 loading class heuristic/DSSP done
Event: 2.971 loading class ilog/cplex/ListIterator
Event: 2.971 loading class ilog/cplex/ListIterator done
Event: 3.039 loading class genetic/heuristic/GaMINTB
Event: 3.039 loading class genetic/heuristic/GaMINTB done
Event: 3.041 loading class genetic/heuristic/Population
Event: 3.041 loading class genetic/heuristic/Population done


Dynamic libraries:
0x00007ff69fa50000 - 0x00007ff69fa87000 	C:\Program Files\Java\jre1.8.0_191\bin\javaw.exe
0x00007ff8fe6e0000 - 0x00007ff8fe8cd000 	C:\WINDOWS\SYSTEM32\ntdll.dll
0x00007ff8fd010000 - 0x00007ff8fd0c3000 	C:\WINDOWS\System32\KERNEL32.DLL
0x00007ff8fa9c0000 - 0x00007ff8fac53000 	C:\WINDOWS\System32\KERNELBASE.dll
0x00007ff8fd4c0000 - 0x00007ff8fd563000 	C:\WINDOWS\System32\ADVAPI32.dll
0x00007ff8fdc50000 - 0x00007ff8fdcee000 	C:\WINDOWS\System32\msvcrt.dll
0x00007ff8fe470000 - 0x00007ff8fe50e000 	C:\WINDOWS\System32\sechost.dll
0x00007ff8fda40000 - 0x00007ff8fdb62000 	C:\WINDOWS\System32\RPCRT4.dll
0x00007ff8fe510000 - 0x00007ff8fe6a7000 	C:\WINDOWS\System32\USER32.dll
0x00007ff8fad90000 - 0x00007ff8fadb0000 	C:\WINDOWS\System32\win32u.dll
0x00007ff8fdb70000 - 0x00007ff8fdb99000 	C:\WINDOWS\System32\GDI32.dll
0x00007ff8fb710000 - 0x00007ff8fb8aa000 	C:\WINDOWS\System32\gdi32full.dll
0x00007ff8faf20000 - 0x00007ff8fafc0000 	C:\WINDOWS\System32\msvcp_win.dll
0x00007ff8fae00000 - 0x00007ff8faefc000 	C:\WINDOWS\System32\ucrtbase.dll
0x00007ff8ea030000 - 0x00007ff8ea2a9000 	C:\WINDOWS\WinSxS\amd64_microsoft.windows.common-controls_6595b64144ccf1df_6.0.17763.292_none_05b137b40722e6bb\COMCTL32.dll
0x00007ff8fd710000 - 0x00007ff8fda3d000 	C:\WINDOWS\System32\combase.dll
0x00007ff8fac60000 - 0x00007ff8facde000 	C:\WINDOWS\System32\bcryptPrimitives.dll
0x00007ff8fe2e0000 - 0x00007ff8fe30e000 	C:\WINDOWS\System32\IMM32.DLL
0x0000000077010000 - 0x00000000770e2000 	C:\Program Files\Java\jre1.8.0_191\bin\msvcr100.dll
0x0000000075dd0000 - 0x0000000076674000 	C:\Program Files\Java\jre1.8.0_191\bin\server\jvm.dll
0x00007ff8fd130000 - 0x00007ff8fd138000 	C:\WINDOWS\System32\PSAPI.DLL
0x00007ff8f8ed0000 - 0x00007ff8f8ed9000 	C:\WINDOWS\SYSTEM32\WSOCK32.dll
0x00007ff8fd3f0000 - 0x00007ff8fd45d000 	C:\WINDOWS\System32\WS2_32.dll
0x00007ff8f6f70000 - 0x00007ff8f6f94000 	C:\WINDOWS\SYSTEM32\WINMM.dll
0x00007ff8f5a10000 - 0x00007ff8f5a1a000 	C:\WINDOWS\SYSTEM32\VERSION.dll
0x00007ff8f6f40000 - 0x00007ff8f6f6d000 	C:\WINDOWS\SYSTEM32\WINMMBASE.dll
0x00007ff8fadb0000 - 0x00007ff8fadfa000 	C:\WINDOWS\System32\cfgmgr32.dll
0x0000000050000000 - 0x000000005000f000 	C:\Program Files\Java\jre1.8.0_191\bin\verify.dll
0x0000000076fe0000 - 0x0000000077009000 	C:\Program Files\Java\jre1.8.0_191\bin\java.dll
0x0000000076fc0000 - 0x0000000076fd6000 	C:\Program Files\Java\jre1.8.0_191\bin\zip.dll
0x00007ff8fb910000 - 0x00007ff8fcdff000 	C:\WINDOWS\System32\SHELL32.dll
0x00007ff8fd210000 - 0x00007ff8fd2b8000 	C:\WINDOWS\System32\shcore.dll
0x00007ff8fafc0000 - 0x00007ff8fb70a000 	C:\WINDOWS\System32\windows.storage.dll
0x00007ff8fa780000 - 0x00007ff8fa7a4000 	C:\WINDOWS\System32\profapi.dll
0x00007ff8fa700000 - 0x00007ff8fa75d000 	C:\WINDOWS\System32\powrprof.dll
0x00007ff8fce00000 - 0x00007ff8fce52000 	C:\WINDOWS\System32\shlwapi.dll
0x00007ff8fa6e0000 - 0x00007ff8fa6f1000 	C:\WINDOWS\System32\kernel.appcore.dll
0x00007ff8faf00000 - 0x00007ff8faf17000 	C:\WINDOWS\System32\cryptsp.dll
0x00007ff898780000 - 0x00007ff89a7a5000 	C:\Program Files\IBM\ILOG\CPLEX_Studio128\cplex\bin\x64_win64\cplex1280remotejni.dll
0x00007ff8f6360000 - 0x00007ff8f6376000 	C:\Program Files\Java\jre1.8.0_191\bin\VCRUNTIME140.dll
0x00007ff8f8fd0000 - 0x00007ff8f91bd000 	C:\WINDOWS\SYSTEM32\dbghelp.dll

VM Arguments:
jvm_args: -Djava.library.path=C:\Program Files\IBM\ILOG\CPLEX_Studio128\cplex\bin\x64_win64 -Dfile.encoding=Cp1252 
java_command: TestCaseSiouxFalls.SiouxFalls
java_class_path (initial): C:\Program Files\Java\jre1.8.0_191\lib\resources.jar;C:\Program Files\Java\jre1.8.0_191\lib\rt.jar;C:\Program Files\Java\jre1.8.0_191\lib\jsse.jar;C:\Program Files\Java\jre1.8.0_191\lib\jce.jar;C:\Program Files\Java\jre1.8.0_191\lib\charsets.jar;C:\Program Files\Java\jre1.8.0_191\lib\jfr.jar;C:\Program Files\Java\jre1.8.0_191\lib\ext\access-bridge-64.jar;C:\Program Files\Java\jre1.8.0_191\lib\ext\cldrdata.jar;C:\Program Files\Java\jre1.8.0_191\lib\ext\dnsns.jar;C:\Program Files\Java\jre1.8.0_191\lib\ext\jaccess.jar;C:\Program Files\Java\jre1.8.0_191\lib\ext\jfxrt.jar;C:\Program Files\Java\jre1.8.0_191\lib\ext\localedata.jar;C:\Program Files\Java\jre1.8.0_191\lib\ext\nashorn.jar;C:\Program Files\Java\jre1.8.0_191\lib\ext\sunec.jar;C:\Program Files\Java\jre1.8.0_191\lib\ext\sunjce_provider.jar;C:\Program Files\Java\jre1.8.0_191\lib\ext\sunmscapi.jar;C:\Program Files\Java\jre1.8.0_191\lib\ext\sunpkcs11.jar;C:\Program Files\Java\jre1.8.0_191\lib\ext\zipfs.jar;C:\Users\julia\Dropbox\Projekt Algorithm Engineering-Projekt\Traffic-Equilibrium\Masterprojekt\bin;C:\Program Files\IBM\ILOG\CPLEX_Studio128\cplex\lib\cplex.jar;C:\Users\julia\Dropbox\Projekt Algorithm Engineering-Projekt\Traffic-Equilibrium\Masterprojekt\libs\jackson-annotations-2.9.8.jar;C:\Users\julia\Dropbox\Projekt Algorithm Engineering-Projekt\Traffic-Equilibrium\Masterprojekt\libs\jackson-core-2.9.8.jar;C:\Users\julia\Dropbox\Projekt Algorithm Engineering-Projekt\Traffic-Equilibrium\Masterprojekt\libs\jackson-databind-2.9.8.jar;C:\Users\julia\.p2\pool\plugins\org.junit.jupiter.api_5.1.0.v20180327-1502.jar;C:\Users\julia\.p2\pool\plugins\org.junit.jupiter.engine_5.1.0.v20180327-1502.jar;C:\Users\julia\.p2\pool\plugins\org.junit.jupiter.migrationsupport_5.1.0.v20180327-1502.jar;C:\Users\julia\.p2\pool\plugins\org.junit.jupiter.params_5.1.0.v20180327-1502.jar;C:\Users\julia\.p2\pool\plugins\org.junit.platform.commons_1.1.0.v20180327-1502.jar;C:\Users\julia\.p2\pool\plugins\org.junit
Launcher Type: SUN_STANDARD

Environment Variables:
PATH=C:/Program Files/Java/jre1.8.0_191/bin/server;C:/Program Files/Java/jre1.8.0_191/bin;C:/Program Files/Java/jre1.8.0_191/lib/amd64;C:\Program Files\IBM\ILOG\CPLEX_Studio128\opl\bin\x64_win64;C:\Program Files\IBM\ILOG\CPLEX_Studio128\opl\oplide\;C:\Program Files\IBM\ILOG\CPLEX_Studio128\cplex\bin\x64_win64;C:\Program Files\IBM\ILOG\CPLEX_Studio128\cpoptimizer\bin\x64_win64;C:\Program Files (x86)\Common Files\Oracle\Java\javapath;C:\WINDOWS\system32;C:\WINDOWS;C:\WINDOWS\System32\Wbem;C:\WINDOWS\System32\WindowsPowerShell\v1.0\;C:\WINDOWS\System32\OpenSSH\;C:\Program Files\Git\cmd;C:\Users\julia\AppData\Local\Microsoft\WindowsApps;C:\Users\julia\AppData\Local\Programs\MiKTeX 2.9\miktex\bin\x64\;C:\WINDOWS\System32;
USERNAME=julia
OS=Windows_NT
PROCESSOR_IDENTIFIER=AMD64 Family 21 Model 112 Stepping 0, AuthenticAMD



---------------  S Y S T E M  ---------------

OS: Windows 10.0 , 64 bit Build 17763 (10.0.17763.292)

CPU:total 2 (initial active 2) (2 cores per cpu, 1 threads per core) family 21 model 112 stepping 0, cmov, cx8, fxsr, mmx, sse, sse2, sse3, ssse3, sse4.1, sse4.2, popcnt, avx, avx2, aes, clmul, mmxext, 3dnowpref, lzcnt, sse4a, tsc, tscinvbit, tscinv, bmi1

Memory: 4k page, physical 7819448k(3460232k free), swap 9797660k(1917740k free)

vm_info: Java HotSpot(TM) 64-Bit Server VM (25.191-b12) for windows-amd64 JRE (1.8.0_191-b12), built on Oct  6 2018 09:29:03 by "java_re" with MS VC++ 10.0 (VS2010)

time: Sun Jan 27 18:44:15 2019
elapsed time: 3 seconds (0d 0h 0m 3s)

