#
# A fatal error has been detected by the Java Runtime Environment:
#
#  EXCEPTION_ACCESS_VIOLATION (0xc0000005) at pc=0x00007ff8d210fa8c, pid=47248, tid=0x000000000000e5c4
#
# JRE version: Java(TM) SE Runtime Environment (8.0_191-b12) (build 1.8.0_191-b12)
# Java VM: Java HotSpot(TM) 64-Bit Server VM (25.191-b12 mixed mode windows-amd64 compressed oops)
# Problematic frame:
# C  [cplex1280remotejni.dll+0x27fa8c]
#
# Failed to write core dump. Minidumps are not enabled by default on client versions of Windows
#
# If you would like to submit a bug report, please visit:
#   http://bugreport.java.com/bugreport/crash.jsp
# The crash happened outside the Java Virtual Machine in native code.
# See problematic frame for where to report the bug.
#

---------------  T H R E A D  ---------------

Current thread (0x0000000002742800):  JavaThread "main" [_thread_in_native, id=58820, stack(0x00000000025e0000,0x00000000026e0000)]

siginfo: ExceptionCode=0xc0000005, reading address 0xfffffffc1adcc120

Registers:
RAX=0xffffffff80000000, RBX=0x00000000000000ee, RCX=0x000000001adcc660, RDX=0x000000001adcc520
RSP=0x00000000026dcc20, RBP=0x0000000000000004, RSI=0x000000001adcc120, RDI=0x000000001adcc3a0
R8 =0x0000000000000003, R9 =0x0000000000000005, R10=0x0000000000000010, R11=0x000000001adcc8e0
R12=0x000000001adcbba0, R13=0x000000001ae46650, R14=0x000000001ae46080, R15=0x000000000000000b
RIP=0x00007ff8d210fa8c, EFLAGS=0x0000000000010297

Top of Stack: (sp=0x00000000026dcc20)
0x00000000026dcc20:   0000000000000000 00007ff8d1ede4ea
0x00000000026dcc30:   0000000400000004 0000000000000000
0x00000000026dcc40:   000000001adcbba0 000000001ae46650
0x00000000026dcc50:   000000001ae46080 000000001b6ff880
0x00000000026dcc60:   0000000000000000 0000000000000000
0x00000000026dcc70:   4f81afd6ec0e1411 0000000000000000
0x00000000026dcc80:   3ee4f8b588e368f1 0000000000000000
0x00000000026dcc90:   c415af1d78b58c40 0000000000000000
0x00000000026dcca0:   4415af1d78b58c40 0000000000000000
0x00000000026dccb0:   000000001b6ff880 0000000200000000
0x00000000026dccc0:   000000001add1090 0000000000000002
0x00000000026dccd0:   00000000000000c6 0000000000000004
0x00000000026dcce0:   000000001adcc8e0 000000001adcbba0
0x00000000026dccf0:   000000001adcc220 000000001adcc4e0
0x00000000026dcd00:   000000001b84aa00 000000000092d1c0
0x00000000026dcd10:   000000001adcc520 000000001ae51d70 

Instructions: (pc=0x00007ff8d210fa8c)
0x00007ff8d210fa6c:   08 01 00 00 48 8b b4 24 20 01 00 00 48 8b bc 24
0x00007ff8d210fa7c:   18 01 00 00 48 8b 84 24 40 01 00 00 4a 63 04 80
0x00007ff8d210fa8c:   f2 44 0f 10 24 c6 f2 44 0f 10 1c c7 66 41 0f 2f
0x00007ff8d210fa9c:   ec 0f 86 ee 00 00 00 4c 8b 3c c1 4d 89 fa 4c 8b 


Register to memory mapping:

RAX=0xffffffff80000000 is an unknown value
RBX=0x00000000000000ee is an unknown value
RCX=0x000000001adcc660 is an unknown value
RDX=0x000000001adcc520 is an unknown value
RSP=0x00000000026dcc20 is pointing into the stack for thread: 0x0000000002742800
RBP=0x0000000000000004 is an unknown value
RSI=0x000000001adcc120 is an unknown value
RDI=0x000000001adcc3a0 is an unknown value
R8 =0x0000000000000003 is an unknown value
R9 =0x0000000000000005 is an unknown value
R10=0x0000000000000010 is an unknown value
R11=0x000000001adcc8e0 is an unknown value
R12=0x000000001adcbba0 is an unknown value
R13=0x000000001ae46650 is an unknown value
R14=0x000000001ae46080 is an unknown value
R15=0x000000000000000b is an unknown value


Stack: [0x00000000025e0000,0x00000000026e0000],  sp=0x00000000026dcc20,  free space=1011k
Native frames: (J=compiled Java code, j=interpreted, Vv=VM code, C=native code)
C  [cplex1280remotejni.dll+0x27fa8c]
C  [cplex1280remotejni.dll+0x25d848]
C  [cplex1280remotejni.dll+0x6d784]
C  [cplex1280remotejni.dll+0x217c32]
C  [cplex1280remotejni.dll+0x40fc49]
C  [cplex1280remotejni.dll+0x5d3ae6]
C  [cplex1280remotejni.dll+0x5ce129]
C  [cplex1280remotejni.dll+0x5db148]
C  [cplex1280remotejni.dll+0x5d5cd2]
C  [cplex1280remotejni.dll+0x5dde62]
C  [cplex1280remotejni.dll+0x5dda49]
C  [cplex1280remotejni.dll+0x43dd07]
C  [cplex1280remotejni.dll+0x4c1e37]
C  [cplex1280remotejni.dll+0x410a34]
C  [cplex1280remotejni.dll+0x40f4cf]
C  [cplex1280remotejni.dll+0x444c20]
C  [cplex1280remotejni.dll+0x465b3b]
C  [cplex1280remotejni.dll+0x466c90]
C  [cplex1280remotejni.dll+0x444f57]
C  [cplex1280remotejni.dll+0x41090f]
C  [cplex1280remotejni.dll+0x71efee]
C  [cplex1280remotejni.dll+0x18ac768]
C  0x0000000002858c67

Java frames: (J=compiled Java code, j=interpreted, Vv=VM code)
j  ilog.cplex.Cplex.CPXmipopt(JJ)I+0
j  ilog.cplex.CplexI$SolveHandle.start()V+278
j  ilog.cplex.CplexI.solve()V+12
j  ilog.cplex.IloCplex.solve()Z+4
j  heuristic.RMINTB.solve(LgraphModel/Graphs;)V+850
j  main.Main.main([Ljava/lang/String;)V+369
v  ~StubRoutines::call_stub

---------------  P R O C E S S  ---------------

Java Threads: ( => current thread )
  0x00000000197fa000 JavaThread "Service Thread" daemon [_thread_blocked, id=57936, stack(0x000000001a350000,0x000000001a450000)]
  0x0000000019772000 JavaThread "C1 CompilerThread3" daemon [_thread_blocked, id=57244, stack(0x000000001a250000,0x000000001a350000)]
  0x0000000019765800 JavaThread "C2 CompilerThread2" daemon [_thread_blocked, id=50384, stack(0x000000001a150000,0x000000001a250000)]
  0x0000000019760800 JavaThread "C2 CompilerThread1" daemon [_thread_blocked, id=58904, stack(0x000000001a050000,0x000000001a150000)]
  0x000000001975c800 JavaThread "C2 CompilerThread0" daemon [_thread_blocked, id=60372, stack(0x0000000019f50000,0x000000001a050000)]
  0x000000001975a800 JavaThread "Attach Listener" daemon [_thread_blocked, id=58924, stack(0x0000000019e50000,0x0000000019f50000)]
  0x000000001975a000 JavaThread "Signal Dispatcher" daemon [_thread_blocked, id=59940, stack(0x0000000019d50000,0x0000000019e50000)]
  0x0000000019750800 JavaThread "Finalizer" daemon [_thread_blocked, id=47112, stack(0x0000000019b30000,0x0000000019c30000)]
  0x000000000283a000 JavaThread "Reference Handler" daemon [_thread_blocked, id=59700, stack(0x0000000019630000,0x0000000019730000)]
=>0x0000000002742800 JavaThread "main" [_thread_in_native, id=58820, stack(0x00000000025e0000,0x00000000026e0000)]

Other Threads:
  0x0000000017849800 VMThread [stack: 0x0000000019530000,0x0000000019630000] [id=59224]
  0x0000000019823800 WatcherThread [stack: 0x000000001a450000,0x000000001a550000] [id=50684]

VM state:not at safepoint (normal execution)

VM Mutex/Monitor currently owned by a thread: None

Heap:
 PSYoungGen      total 38400K, used 7463K [0x00000000d5900000, 0x00000000d8380000, 0x0000000100000000)
  eden space 33280K, 22% used [0x00000000d5900000,0x00000000d6049d08,0x00000000d7980000)
  from space 5120K, 0% used [0x00000000d7e80000,0x00000000d7e80000,0x00000000d8380000)
  to   space 5120K, 0% used [0x00000000d7980000,0x00000000d7980000,0x00000000d7e80000)
 ParOldGen       total 87552K, used 0K [0x0000000080a00000, 0x0000000085f80000, 0x00000000d5900000)
  object space 87552K, 0% used [0x0000000080a00000,0x0000000080a00000,0x0000000085f80000)
 Metaspace       used 5416K, capacity 6128K, committed 6400K, reserved 1056768K
  class space    used 616K, capacity 708K, committed 768K, reserved 1048576K

Card table byte_map: [0x0000000011c00000,0x0000000012000000] byte_map_base: 0x00000000117fb000

Marking Bits: (ParMarkBitMap*) 0x000000006dd83e30
 Begin Bits: [0x0000000012ab0000, 0x0000000014a88000)
 End Bits:   [0x0000000014a88000, 0x0000000016a60000)

Polling page: 0x00000000008d0000

CodeCache: size=245760Kb used=2005Kb max_used=2005Kb free=243754Kb
 bounds [0x0000000002840000, 0x0000000002ab0000, 0x0000000011840000]
 total_blobs=816 nmethods=385 adapters=344
 compilation: enabled

Compilation events (10 events):
Event: 0.253 Thread 0x0000000019772000  383       3       java.nio.charset.CoderResult::isUnderflow (13 bytes)
Event: 0.253 Thread 0x0000000019772000 nmethod 383 0x0000000002a2bb90 code [0x0000000002a2bce0, 0x0000000002a2be90]
Event: 0.253 Thread 0x0000000019772000  382       3       java.io.BufferedWriter::ensureOpen (18 bytes)
Event: 0.254 Thread 0x0000000019772000 nmethod 382 0x0000000002a2b6d0 code [0x0000000002a2b840, 0x0000000002a2baa8]
Event: 0.254 Thread 0x0000000019772000  381       3       java.nio.Buffer::<init> (121 bytes)
Event: 0.254 Thread 0x0000000019772000 nmethod 381 0x0000000002a36150 code [0x0000000002a36420, 0x0000000002a378a8]
Event: 0.254 Thread 0x0000000019772000  385       3       java.util.ArrayList::add (29 bytes)
Event: 0.254 Thread 0x0000000019772000 nmethod 385 0x0000000002a2cdd0 code [0x0000000002a2cf80, 0x0000000002a2d508]
Event: 0.254 Thread 0x0000000019772000  384       1       sun.nio.cs.StreamEncoder::isOpen (5 bytes)
Event: 0.254 Thread 0x0000000019772000 nmethod 384 0x0000000002a2b410 code [0x0000000002a2b560, 0x0000000002a2b670]

GC Heap History (0 events):
No events

Deoptimization events (0 events):
No events

Classes redefined (0 events):
No events

Internal exceptions (4 events):
Event: 0.029 Thread 0x0000000002742800 Exception <a 'java/lang/NoSuchMethodError': Method sun.misc.Unsafe.defineClass(Ljava/lang/String;[BII)Ljava/lang/Class; name or signature does not match> (0x00000000d5907cb0) thrown at [C:\re\workspace\8-2-build-windows-amd64-cygwin\jdk8u191\11896\hotspot
Event: 0.029 Thread 0x0000000002742800 Exception <a 'java/lang/NoSuchMethodError': Method sun.misc.Unsafe.prefetchRead(Ljava/lang/Object;J)V name or signature does not match> (0x00000000d5907f98) thrown at [C:\re\workspace\8-2-build-windows-amd64-cygwin\jdk8u191\11896\hotspot\src\share\vm\prim
Event: 0.117 Thread 0x0000000002742800 Exception <a 'java/lang/NoSuchFieldError': method resolution failed> (0x00000000d5b17a78) thrown at [C:\re\workspace\8-2-build-windows-amd64-cygwin\jdk8u191\11896\hotspot\src\share\vm\prims\methodHandles.cpp, line 1167]
Event: 0.119 Thread 0x0000000002742800 Exception <a 'java/lang/NoSuchFieldError': method resolution failed> (0x00000000d5b24e78) thrown at [C:\re\workspace\8-2-build-windows-amd64-cygwin\jdk8u191\11896\hotspot\src\share\vm\prims\methodHandles.cpp, line 1167]

Events (10 events):
Event: 0.249 loading class heuristic/RMINTB
Event: 0.249 loading class heuristic/RMINTB done
Event: 0.250 loading class java/util/Spliterators$ArraySpliterator
Event: 0.250 loading class java/util/Spliterators$ArraySpliterator done
Event: 0.250 loading class java/util/stream/ReferencePipeline$Head
Event: 0.250 loading class java/util/stream/ReferencePipeline
Event: 0.250 loading class java/util/stream/Stream
Event: 0.251 loading class java/util/stream/Stream done
Event: 0.251 loading class java/util/stream/ReferencePipeline done
Event: 0.251 loading class java/util/stream/ReferencePipeline$Head done


Dynamic libraries:
0x00007ff74ec70000 - 0x00007ff74eca7000 	C:\Program Files\Java\jre1.8.0_191\bin\javaw.exe
0x00007ff9196d0000 - 0x00007ff9198b1000 	C:\WINDOWS\SYSTEM32\ntdll.dll
0x00007ff917b00000 - 0x00007ff917bb2000 	C:\WINDOWS\System32\KERNEL32.DLL
0x00007ff915c10000 - 0x00007ff915e83000 	C:\WINDOWS\System32\KERNELBASE.dll
0x00007ff917d20000 - 0x00007ff917dc1000 	C:\WINDOWS\System32\ADVAPI32.dll
0x00007ff9181c0000 - 0x00007ff91825e000 	C:\WINDOWS\System32\msvcrt.dll
0x00007ff918160000 - 0x00007ff9181bb000 	C:\WINDOWS\System32\sechost.dll
0x00007ff916ee0000 - 0x00007ff917004000 	C:\WINDOWS\System32\RPCRT4.dll
0x00007ff9173a0000 - 0x00007ff917530000 	C:\WINDOWS\System32\USER32.dll
0x00007ff915bf0000 - 0x00007ff915c10000 	C:\WINDOWS\System32\win32u.dll
0x00007ff917ad0000 - 0x00007ff917af8000 	C:\WINDOWS\System32\GDI32.dll
0x00007ff9169c0000 - 0x00007ff916b52000 	C:\WINDOWS\System32\gdi32full.dll
0x00007ff916870000 - 0x00007ff91690f000 	C:\WINDOWS\System32\msvcp_win.dll
0x00007ff915af0000 - 0x00007ff915bea000 	C:\WINDOWS\System32\ucrtbase.dll
0x00007ff906190000 - 0x00007ff9063f9000 	C:\WINDOWS\WinSxS\amd64_microsoft.windows.common-controls_6595b64144ccf1df_6.0.17134.472_none_fb3f9af53068156d\COMCTL32.dll
0x00007ff917010000 - 0x00007ff917332000 	C:\WINDOWS\System32\combase.dll
0x00007ff915e90000 - 0x00007ff915f0a000 	C:\WINDOWS\System32\bcryptPrimitives.dll
0x00007ff917dd0000 - 0x00007ff917dfd000 	C:\WINDOWS\System32\IMM32.DLL
0x000000006d480000 - 0x000000006d552000 	C:\Program Files\Java\jre1.8.0_191\bin\msvcr100.dll
0x000000006d560000 - 0x000000006de04000 	C:\Program Files\Java\jre1.8.0_191\bin\server\jvm.dll
0x00007ff917a50000 - 0x00007ff917a58000 	C:\WINDOWS\System32\PSAPI.DLL
0x00007ff911130000 - 0x00007ff911153000 	C:\WINDOWS\SYSTEM32\WINMM.dll
0x00007ff906dc0000 - 0x00007ff906dc9000 	C:\WINDOWS\SYSTEM32\WSOCK32.dll
0x00007ff911980000 - 0x00007ff91198a000 	C:\WINDOWS\SYSTEM32\VERSION.dll
0x00007ff9179e0000 - 0x00007ff917a4c000 	C:\WINDOWS\System32\WS2_32.dll
0x00007ff911030000 - 0x00007ff91105a000 	C:\WINDOWS\SYSTEM32\WINMMBASE.dll
0x00007ff915aa0000 - 0x00007ff915ae9000 	C:\WINDOWS\System32\cfgmgr32.dll
0x000000006f370000 - 0x000000006f37f000 	C:\Program Files\Java\jre1.8.0_191\bin\verify.dll
0x000000006f340000 - 0x000000006f369000 	C:\Program Files\Java\jre1.8.0_191\bin\java.dll
0x000000006f2f0000 - 0x000000006f306000 	C:\Program Files\Java\jre1.8.0_191\bin\zip.dll
0x00007ff918260000 - 0x00007ff9196a0000 	C:\WINDOWS\System32\SHELL32.dll
0x00007ff9180b0000 - 0x00007ff918159000 	C:\WINDOWS\System32\shcore.dll
0x00007ff916160000 - 0x00007ff91686d000 	C:\WINDOWS\System32\windows.storage.dll
0x00007ff917980000 - 0x00007ff9179d1000 	C:\WINDOWS\System32\shlwapi.dll
0x00007ff915a80000 - 0x00007ff915a91000 	C:\WINDOWS\System32\kernel.appcore.dll
0x00007ff915a10000 - 0x00007ff915a2f000 	C:\WINDOWS\System32\profapi.dll
0x00007ff915a30000 - 0x00007ff915a7c000 	C:\WINDOWS\System32\powrprof.dll
0x00007ff9159e0000 - 0x00007ff9159ea000 	C:\WINDOWS\System32\FLTLIB.DLL
0x00007ff8d1e90000 - 0x00007ff8d3eb5000 	C:\Program Files\IBM\ILOG\CPLEX_Studio128\cplex\bin\x64_win64\cplex1280remotejni.dll
0x00007ff909a20000 - 0x00007ff909a36000 	C:\Program Files\Java\jre1.8.0_191\bin\VCRUNTIME140.dll
0x00007ff9143f0000 - 0x00007ff9145b9000 	C:\WINDOWS\SYSTEM32\dbghelp.dll

VM Arguments:
jvm_args: -Djava.library.path=C:\Program Files\IBM\ILOG\CPLEX_Studio128\cplex\bin\x64_win64 -Dfile.encoding=Cp1252 
java_command: main.Main
java_class_path (initial): C:\Program Files\Java\jre1.8.0_191\lib\resources.jar;C:\Program Files\Java\jre1.8.0_191\lib\rt.jar;C:\Program Files\Java\jre1.8.0_191\lib\jsse.jar;C:\Program Files\Java\jre1.8.0_191\lib\jce.jar;C:\Program Files\Java\jre1.8.0_191\lib\charsets.jar;C:\Program Files\Java\jre1.8.0_191\lib\jfr.jar;C:\Program Files\Java\jre1.8.0_191\lib\ext\access-bridge-64.jar;C:\Program Files\Java\jre1.8.0_191\lib\ext\cldrdata.jar;C:\Program Files\Java\jre1.8.0_191\lib\ext\dnsns.jar;C:\Program Files\Java\jre1.8.0_191\lib\ext\jaccess.jar;C:\Program Files\Java\jre1.8.0_191\lib\ext\jfxrt.jar;C:\Program Files\Java\jre1.8.0_191\lib\ext\localedata.jar;C:\Program Files\Java\jre1.8.0_191\lib\ext\nashorn.jar;C:\Program Files\Java\jre1.8.0_191\lib\ext\sunec.jar;C:\Program Files\Java\jre1.8.0_191\lib\ext\sunjce_provider.jar;C:\Program Files\Java\jre1.8.0_191\lib\ext\sunmscapi.jar;C:\Program Files\Java\jre1.8.0_191\lib\ext\sunpkcs11.jar;C:\Program Files\Java\jre1.8.0_191\lib\ext\zipfs.jar;C:\Users\Ninita\Desktop\gametheory\Masterprojekt\bin;C:\Program Files\IBM\ILOG\CPLEX_Studio128\cplex\lib\cplex.jar;C:\Users\Ninita\.p2\pool\plugins\org.junit.jupiter.api_5.0.0.v20170910-2246.jar;C:\Users\Ninita\.p2\pool\plugins\org.junit.jupiter.engine_5.0.0.v20170910-2246.jar;C:\Users\Ninita\.p2\pool\plugins\org.junit.jupiter.migrationsupport_5.0.0.v20170910-2246.jar;C:\Users\Ninita\.p2\pool\plugins\org.junit.jupiter.params_5.0.0.v20170910-2246.jar;C:\Users\Ninita\.p2\pool\plugins\org.junit.platform.commons_1.0.0.v20170910-2246.jar;C:\Users\Ninita\.p2\pool\plugins\org.junit.platform.engine_1.0.0.v20170910-2246.jar;C:\Users\Ninita\.p2\pool\plugins\org.junit.platform.launcher_1.0.0.v20170910-2246.jar;C:\Users\Ninita\.p2\pool\plugins\org.junit.platform.runner_1.0.0.v20170910-2246.jar;C:\Users\Ninita\.p2\pool\plugins\org.junit.platform.suite.api_1.0.0.v20170910-2246.jar;C:\Users\Ninita\.p2\pool\plugins\org.junit.vintage.engine_4.12.0.v20170910-2246.jar;C:\Users\Ninita\.p2\pool\plugins\org.
Launcher Type: SUN_STANDARD

Environment Variables:
PATH=C:/Program Files/Java/jre1.8.0_191/bin/server;C:/Program Files/Java/jre1.8.0_191/bin;C:/Program Files/Java/jre1.8.0_191/lib/amd64;C:\Program Files\IBM\ILOG\CPLEX_Studio128\opl\bin\x64_win64;C:\Program Files\IBM\ILOG\CPLEX_Studio128\opl\oplide\;C:\Program Files\IBM\ILOG\CPLEX_Studio128\cplex\bin\x64_win64;C:\Program Files\IBM\ILOG\CPLEX_Studio128\cpoptimizer\bin\x64_win64;C:\Program Files (x86)\Common Files\Oracle\Java\javapath;C:\ProgramData\Oracle\Java\javapath;C:\Program Files (x86)\Intel\iCLS Client\;C:\Program Files\Intel\iCLS Client\;C:\Windows\system32;C:\Windows;C:\Windows\System32\Wbem;C:\Windows\System32\WindowsPowerShell\v1.0\;C:\Program Files (x86)\NVIDIA Corporation\PhysX\Common;C:\Program Files (x86)\Intel\Intel(R) Management Engine Components\DAL;C:\Program Files\Intel\Intel(R) Management Engine Components\DAL;C:\Program Files (x86)\Intel\Intel(R) Management Engine Components\IPT;C:\Program Files\Intel\Intel(R) Management Engine Components\IPT;C:\Program Files\PuTTY\;C:\WINDOWS\system32;C:\WINDOWS;C:\WINDOWS\System32\Wbem;C:\WINDOWS\System32\WindowsPowerShell\v1.0\;C:\Strawberry\c\bin;C:\Strawberry\perl\site\bin;C:\Strawberry\perl\bin;C:\Program Files\MiKTeX 2.9\miktex\bin\x64\;C:\WINDOWS\System32\OpenSSH\;C:\Users\Ninita\AppData\Local\Microsoft\WindowsApps;C:\Users\Ninita\AppData\Local\GitHubDesktop\bin;C:\WINDOWS\System32;
USERNAME=Ninita
OS=Windows_NT
PROCESSOR_IDENTIFIER=Intel64 Family 6 Model 158 Stepping 9, GenuineIntel



---------------  S Y S T E M  ---------------

OS: Windows 10.0 , 64 bit Build 17134 (10.0.17134.1)

CPU:total 8 (initial active 8) (4 cores per cpu, 2 threads per core) family 6 model 158 stepping 9, cmov, cx8, fxsr, mmx, sse, sse2, sse3, ssse3, sse4.1, sse4.2, popcnt, avx, avx2, aes, clmul, erms, 3dnowpref, lzcnt, ht, tsc, tscinvbit, bmi1, bmi2, adx

Memory: 4k page, physical 8340696k(1667520k free), swap 14734552k(3596912k free)

vm_info: Java HotSpot(TM) 64-Bit Server VM (25.191-b12) for windows-amd64 JRE (1.8.0_191-b12), built on Oct  6 2018 09:29:03 by "java_re" with MS VC++ 10.0 (VS2010)

time: Mon Dec 24 04:29:14 2018
elapsed time: 0 seconds (0d 0h 0m 0s)

