#
# A fatal error has been detected by the Java Runtime Environment:
#
#  EXCEPTION_ACCESS_VIOLATION (0xc0000005) at pc=0x00007ffd6e40c79d, pid=15204, tid=0x00000000000015a8
#
# JRE version: Java(TM) SE Runtime Environment (8.0_191-b12) (build 1.8.0_191-b12)
# Java VM: Java HotSpot(TM) 64-Bit Server VM (25.191-b12 mixed mode windows-amd64 compressed oops)
# Problematic frame:
# C  [cplex1280remotejni.dll+0x39c79d]
#
# Failed to write core dump. Minidumps are not enabled by default on client versions of Windows
#
# If you would like to submit a bug report, please visit:
#   http://bugreport.java.com/bugreport/crash.jsp
# The crash happened outside the Java Virtual Machine in native code.
# See problematic frame for where to report the bug.
#

---------------  T H R E A D  ---------------

Current thread (0x00000000022de000):  JavaThread "main" [_thread_in_native, id=5544, stack(0x00000000022f0000,0x00000000023f0000)]

siginfo: ExceptionCode=0xc0000005, reading address 0xffffffffffffffff

Registers:
RAX=0x000000001aa79b80, RBX=0x0000000000000002, RCX=0x80003600db43d349, RDX=0x000000001aadb570
RSP=0x00000000023ee960, RBP=0x0000000000000000, RSI=0x000000000000000c, RDI=0x000000001aadbd60
R8 =0x000000000000000c, R9 =0x0000000000000000, R10=0x0000000000000001, R11=0x0000000000000001
R12=0x000000000000000c, R13=0x0000000000000000, R14=0x0000000000000000, R15=0x000000001aa766c0
RIP=0x00007ffd6e40c79d, EFLAGS=0x0000000000010297

Top of Stack: (sp=0x00000000023ee960)
0x00000000023ee960:   0000000000480000 00007ffdce7a6ff8
0x00000000023ee970:   0000000000480000 0000000000000008
0x00000000023ee980:   0000000000000000 0000000100087dd0
0x00000000023ee990:   0000000000000000 00007ffd6e297cbc
0x00000000023ee9a0:   0000000000000001 0000000000000000
0x00000000023ee9b0:   0000000000000007 0000000000000000
0x00000000023ee9c0:   000000001aa766c0 0000000000000007
0x00000000023ee9d0:   000000001aa766c0 0000000000000001
0x00000000023ee9e0:   000000000000002a 0000000000000000
0x00000000023ee9f0:   000000000057dcc0 00000000004b4a00
0x00000000023eea00:   000000000049aed0 0000000000000000
0x00000000023eea10:   0000000000000000 000000001aadb570
0x00000000023eea20:   000000001aa7a8a0 00000000004afc30
0x00000000023eea30:   0000000000000000 00000000004b3d10
0x00000000023eea40:   000000001aa7ab20 000000001aa7a720
0x00000000023eea50:   0000000000000000 00007ffd6e20a4e4 

Instructions: (pc=0x00007ffd6e40c79d)
0x00007ffd6e40c77d:   00 00 00 4e 63 0c 97 4c 8b 9c 24 18 01 00 00 48
0x00007ffd6e40c78d:   8b 84 24 28 01 00 00 4b 8b 4c cb 08 46 8b 1c 92
0x00007ffd6e40c79d:   44 89 1c 88 4c 8b 9c 24 18 01 00 00 4b 8b 44 cb
0x00007ffd6e40c7ad:   08 4c 8b 9c 24 10 01 00 00 4d 89 14 c3 49 ff c2 


Register to memory mapping:

RAX=0x000000001aa79b80 is an unknown value
RBX=0x0000000000000002 is an unknown value
RCX=0x80003600db43d349 is an unknown value
RDX=0x000000001aadb570 is an unknown value
RSP=0x00000000023ee960 is pointing into the stack for thread: 0x00000000022de000
RBP=0x0000000000000000 is an unknown value
RSI=0x000000000000000c is an unknown value
RDI=0x000000001aadbd60 is an unknown value
R8 =0x000000000000000c is an unknown value
R9 =0x0000000000000000 is an unknown value
R10=0x0000000000000001 is an unknown value
R11=0x0000000000000001 is an unknown value
R12=0x000000000000000c is an unknown value
R13=0x0000000000000000 is an unknown value
R14=0x0000000000000000 is an unknown value
R15=0x000000001aa766c0 is an unknown value


Stack: [0x00000000022f0000,0x00000000023f0000],  sp=0x00000000023ee960,  free space=1018k
Native frames: (J=compiled Java code, j=interpreted, Vv=VM code, C=native code)

Java frames: (J=compiled Java code, j=interpreted, Vv=VM code)
j  ilog.cplex.Cplex.CPXaddrows(JJIII[D[B[I[I[D[Ljava/lang/String;[Ljava/lang/String;)I+0
j  ilog.cplex.CplexI._addRows(I[D[D[I[I[D[Ljava/lang/String;)V+221
j  ilog.cplex.CplexI.addRow(Lilog/cplex/CpxRange;DDI[I[DLjava/lang/String;)Lilog/cplex/CplexIndex;+67
j  ilog.cplex.CpxRange.init(Lilog/cplex/CplexI;DDI[D[Lilog/cplex/CpxNumVar;)V+81
j  ilog.cplex.CpxRange.<init>(Lilog/cplex/CplexI;DLilog/cplex/CpxNumExpr;DLjava/lang/String;)V+202
j  ilog.cplex.IloCplexModeler.addRange(Lilog/cplex/CplexI;DLilog/concert/IloNumExpr;DLjava/lang/String;)Lilog/concert/IloRange;+38
j  ilog.cplex.IloCplexModeler.addGe(Lilog/concert/IloNumExpr;D)Lilog/concert/IloRange;+11
j  heuristic.RMINTB.solve(LgraphModel/Graphs;)V+256
j  main.Main.main([Ljava/lang/String;)V+281
v  ~StubRoutines::call_stub

---------------  P R O C E S S  ---------------

Java Threads: ( => current thread )
  0x0000000019498000 JavaThread "Service Thread" daemon [_thread_blocked, id=5384, stack(0x0000000019ff0000,0x000000001a0f0000)]
  0x0000000019412800 JavaThread "C1 CompilerThread3" daemon [_thread_blocked, id=5536, stack(0x0000000019ef0000,0x0000000019ff0000)]
  0x000000001940e800 JavaThread "C2 CompilerThread2" daemon [_thread_blocked, id=3260, stack(0x0000000019df0000,0x0000000019ef0000)]
  0x0000000019402800 JavaThread "C2 CompilerThread1" daemon [_thread_blocked, id=12088, stack(0x0000000019cf0000,0x0000000019df0000)]
  0x00000000193fe800 JavaThread "C2 CompilerThread0" daemon [_thread_blocked, id=5128, stack(0x0000000019bf0000,0x0000000019cf0000)]
  0x00000000193f9000 JavaThread "Attach Listener" daemon [_thread_blocked, id=16232, stack(0x0000000019af0000,0x0000000019bf0000)]
  0x000000001750e000 JavaThread "Signal Dispatcher" daemon [_thread_blocked, id=15832, stack(0x00000000199f0000,0x0000000019af0000)]
  0x00000000193f0800 JavaThread "Finalizer" daemon [_thread_blocked, id=6256, stack(0x00000000197d0000,0x00000000198d0000)]
  0x00000000024e9000 JavaThread "Reference Handler" daemon [_thread_blocked, id=14324, stack(0x00000000192d0000,0x00000000193d0000)]
=>0x00000000022de000 JavaThread "main" [_thread_in_native, id=5544, stack(0x00000000022f0000,0x00000000023f0000)]

Other Threads:
  0x00000000174f9800 VMThread [stack: 0x00000000191d0000,0x00000000192d0000] [id=14064]
  0x00000000194b1800 WatcherThread [stack: 0x000000001a0f0000,0x000000001a1f0000] [id=16144]

VM state:not at safepoint (normal execution)

VM Mutex/Monitor currently owned by a thread: None

Heap:
 PSYoungGen      total 38400K, used 7963K [0x00000000d5900000, 0x00000000d8380000, 0x0000000100000000)
  eden space 33280K, 23% used [0x00000000d5900000,0x00000000d60c6ee8,0x00000000d7980000)
  from space 5120K, 0% used [0x00000000d7e80000,0x00000000d7e80000,0x00000000d8380000)
  to   space 5120K, 0% used [0x00000000d7980000,0x00000000d7980000,0x00000000d7e80000)
 ParOldGen       total 87552K, used 0K [0x0000000080a00000, 0x0000000085f80000, 0x00000000d5900000)
  object space 87552K, 0% used [0x0000000080a00000,0x0000000080a00000,0x0000000085f80000)
 Metaspace       used 5426K, capacity 6128K, committed 6400K, reserved 1056768K
  class space    used 617K, capacity 708K, committed 768K, reserved 1048576K

Card table byte_map: [0x00000000118b0000,0x0000000011cb0000] byte_map_base: 0x00000000114ab000

Marking Bits: (ParMarkBitMap*) 0x000000005e023e30
 Begin Bits: [0x0000000012760000, 0x0000000014738000)
 End Bits:   [0x0000000014738000, 0x0000000016710000)

Polling page: 0x0000000000460000

CodeCache: size=245760Kb used=2042Kb max_used=2054Kb free=243717Kb
 bounds [0x00000000024f0000, 0x0000000002760000, 0x00000000114f0000]
 total_blobs=836 nmethods=405 adapters=344
 compilation: enabled

Compilation events (10 events):
Event: 0.254 Thread 0x0000000019412800 nmethod 397 0x00000000026ec2d0 code [0x00000000026ec4c0, 0x00000000026ecdf8]
Event: 0.254 Thread 0x0000000019412800  400       3       java.lang.StringBuilder::<init> (18 bytes)
Event: 0.254 Thread 0x0000000019402800  401       4       java.lang.String::getChars (62 bytes)
Event: 0.254 Thread 0x0000000019412800 nmethod 400 0x00000000026ed310 code [0x00000000026ed4a0, 0x00000000026ed968]
Event: 0.254 Thread 0x0000000019412800  402       3       java.lang.String::toString (2 bytes)
Event: 0.254 Thread 0x0000000019412800 nmethod 402 0x00000000026d3f90 code [0x00000000026d40e0, 0x00000000026d4230]
Event: 0.254 Thread 0x0000000019412800  403       3       java.nio.CharBuffer::arrayOffset (35 bytes)
Event: 0.254 Thread 0x000000001940e800 nmethod 399 0x00000000026f0850 code [0x00000000026f09a0, 0x00000000026f0ab8]
Event: 0.254 Thread 0x0000000019412800 nmethod 403 0x00000000026f0250 code [0x00000000026f03e0, 0x00000000026f06f8]
Event: 0.254 Thread 0x0000000019412800  404       3       java.lang.Integer::getChars (131 bytes)

GC Heap History (0 events):
No events

Deoptimization events (0 events):
No events

Classes redefined (0 events):
No events

Internal exceptions (4 events):
Event: 0.028 Thread 0x00000000022de000 Exception <a 'java/lang/NoSuchMethodError': Method sun.misc.Unsafe.defineClass(Ljava/lang/String;[BII)Ljava/lang/Class; name or signature does not match> (0x00000000d5907cb0) thrown at [C:\re\workspace\8-2-build-windows-amd64-cygwin\jdk8u191\11896\hotspot
Event: 0.028 Thread 0x00000000022de000 Exception <a 'java/lang/NoSuchMethodError': Method sun.misc.Unsafe.prefetchRead(Ljava/lang/Object;J)V name or signature does not match> (0x00000000d5907f98) thrown at [C:\re\workspace\8-2-build-windows-amd64-cygwin\jdk8u191\11896\hotspot\src\share\vm\prim
Event: 0.119 Thread 0x00000000022de000 Exception <a 'java/lang/NoSuchFieldError': method resolution failed> (0x00000000d5b0b928) thrown at [C:\re\workspace\8-2-build-windows-amd64-cygwin\jdk8u191\11896\hotspot\src\share\vm\prims\methodHandles.cpp, line 1167]
Event: 0.121 Thread 0x00000000022de000 Exception <a 'java/lang/NoSuchFieldError': method resolution failed> (0x00000000d5b18d28) thrown at [C:\re\workspace\8-2-build-windows-amd64-cygwin\jdk8u191\11896\hotspot\src\share\vm\prims\methodHandles.cpp, line 1167]

Events (10 events):
Event: 0.250 loading class heuristic/RMINTB
Event: 0.250 loading class heuristic/RMINTB done
Event: 0.252 loading class java/util/Spliterators$ArraySpliterator
Event: 0.252 loading class java/util/Spliterators$ArraySpliterator done
Event: 0.252 loading class java/util/stream/ReferencePipeline$Head
Event: 0.252 loading class java/util/stream/ReferencePipeline
Event: 0.252 loading class java/util/stream/Stream
Event: 0.252 loading class java/util/stream/Stream done
Event: 0.252 loading class java/util/stream/ReferencePipeline done
Event: 0.252 loading class java/util/stream/ReferencePipeline$Head done


Dynamic libraries:
0x00007ff627fc0000 - 0x00007ff627ff7000 	C:\Program Files\Java\jre1.8.0_191\bin\javaw.exe
0x00007ffdce790000 - 0x00007ffdce971000 	C:\WINDOWS\SYSTEM32\ntdll.dll
0x00007ffdcc3b0000 - 0x00007ffdcc462000 	C:\WINDOWS\System32\KERNEL32.DLL
0x00007ffdcb8a0000 - 0x00007ffdcbb13000 	C:\WINDOWS\System32\KERNELBASE.dll
0x00007ffdce670000 - 0x00007ffdce711000 	C:\WINDOWS\System32\ADVAPI32.dll
0x00007ffdce2d0000 - 0x00007ffdce36e000 	C:\WINDOWS\System32\msvcrt.dll
0x00007ffdce060000 - 0x00007ffdce0bb000 	C:\WINDOWS\System32\sechost.dll
0x00007ffdcdf30000 - 0x00007ffdce054000 	C:\WINDOWS\System32\RPCRT4.dll
0x00007ffdce0c0000 - 0x00007ffdce250000 	C:\WINDOWS\System32\USER32.dll
0x00007ffdcb5e0000 - 0x00007ffdcb600000 	C:\WINDOWS\System32\win32u.dll
0x00007ffdce720000 - 0x00007ffdce748000 	C:\WINDOWS\System32\GDI32.dll
0x00007ffdcb700000 - 0x00007ffdcb892000 	C:\WINDOWS\System32\gdi32full.dll
0x00007ffdcabe0000 - 0x00007ffdcac7f000 	C:\WINDOWS\System32\msvcp_win.dll
0x00007ffdcb600000 - 0x00007ffdcb6fa000 	C:\WINDOWS\System32\ucrtbase.dll
0x00007ffdbcd00000 - 0x00007ffdbcf69000 	C:\WINDOWS\WinSxS\amd64_microsoft.windows.common-controls_6595b64144ccf1df_6.0.17134.471_none_fb3e9aab3068fc16\COMCTL32.dll
0x00007ffdcc080000 - 0x00007ffdcc3a2000 	C:\WINDOWS\System32\combase.dll
0x00007ffdcab60000 - 0x00007ffdcabda000 	C:\WINDOWS\System32\bcryptPrimitives.dll
0x00007ffdce4a0000 - 0x00007ffdce4cd000 	C:\WINDOWS\System32\IMM32.DLL
0x000000005d470000 - 0x000000005d542000 	C:\Program Files\Java\jre1.8.0_191\bin\msvcr100.dll
0x000000005d800000 - 0x000000005e0a4000 	C:\Program Files\Java\jre1.8.0_191\bin\server\jvm.dll
0x00007ffdcdad0000 - 0x00007ffdcdad8000 	C:\WINDOWS\System32\PSAPI.DLL
0x00007ffdb9d60000 - 0x00007ffdb9d69000 	C:\WINDOWS\SYSTEM32\WSOCK32.dll
0x00007ffdc6f40000 - 0x00007ffdc6f63000 	C:\WINDOWS\SYSTEM32\WINMM.dll
0x00007ffdc5b30000 - 0x00007ffdc5b3a000 	C:\WINDOWS\SYSTEM32\VERSION.dll
0x00007ffdcc600000 - 0x00007ffdcc66c000 	C:\WINDOWS\System32\WS2_32.dll
0x00007ffdc6eb0000 - 0x00007ffdc6eda000 	C:\WINDOWS\SYSTEM32\WINMMBASE.dll
0x00007ffdcbb20000 - 0x00007ffdcbb69000 	C:\WINDOWS\System32\cfgmgr32.dll
0x000000005d7f0000 - 0x000000005d7ff000 	C:\Program Files\Java\jre1.8.0_191\bin\verify.dll
0x000000005d7c0000 - 0x000000005d7e9000 	C:\Program Files\Java\jre1.8.0_191\bin\java.dll
0x000000005d770000 - 0x000000005d786000 	C:\Program Files\Java\jre1.8.0_191\bin\zip.dll
0x00007ffdcc690000 - 0x00007ffdcdad0000 	C:\WINDOWS\System32\SHELL32.dll
0x00007ffdcbd70000 - 0x00007ffdcbe19000 	C:\WINDOWS\System32\shcore.dll
0x00007ffdcae70000 - 0x00007ffdcb57d000 	C:\WINDOWS\System32\windows.storage.dll
0x00007ffdcc020000 - 0x00007ffdcc071000 	C:\WINDOWS\System32\shlwapi.dll
0x00007ffdcab40000 - 0x00007ffdcab51000 	C:\WINDOWS\System32\kernel.appcore.dll
0x00007ffdcaaf0000 - 0x00007ffdcab0f000 	C:\WINDOWS\System32\profapi.dll
0x00007ffdcaaa0000 - 0x00007ffdcaaec000 	C:\WINDOWS\System32\powrprof.dll
0x00007ffdcab10000 - 0x00007ffdcab1a000 	C:\WINDOWS\System32\FLTLIB.DLL
0x00007ffd6e070000 - 0x00007ffd70095000 	C:\Program Files\IBM\ILOG\CPLEX_Studio128\cplex\bin\x64_win64\cplex1280remotejni.dll
0x00007ffdc6270000 - 0x00007ffdc6286000 	C:\Program Files\Java\jre1.8.0_191\bin\VCRUNTIME140.dll
0x00007ffdc94a0000 - 0x00007ffdc9669000 	C:\WINDOWS\SYSTEM32\dbghelp.dll

VM Arguments:
jvm_args: -Djava.library.path=C:\Program Files\IBM\ILOG\CPLEX_Studio128\cplex\bin\x64_win64 -Dfile.encoding=Cp1252 
java_command: main.Main
java_class_path (initial): C:\Program Files\Java\jre1.8.0_191\lib\resources.jar;C:\Program Files\Java\jre1.8.0_191\lib\rt.jar;C:\Program Files\Java\jre1.8.0_191\lib\jsse.jar;C:\Program Files\Java\jre1.8.0_191\lib\jce.jar;C:\Program Files\Java\jre1.8.0_191\lib\charsets.jar;C:\Program Files\Java\jre1.8.0_191\lib\jfr.jar;C:\Program Files\Java\jre1.8.0_191\lib\ext\access-bridge-64.jar;C:\Program Files\Java\jre1.8.0_191\lib\ext\cldrdata.jar;C:\Program Files\Java\jre1.8.0_191\lib\ext\dnsns.jar;C:\Program Files\Java\jre1.8.0_191\lib\ext\jaccess.jar;C:\Program Files\Java\jre1.8.0_191\lib\ext\jfxrt.jar;C:\Program Files\Java\jre1.8.0_191\lib\ext\localedata.jar;C:\Program Files\Java\jre1.8.0_191\lib\ext\nashorn.jar;C:\Program Files\Java\jre1.8.0_191\lib\ext\sunec.jar;C:\Program Files\Java\jre1.8.0_191\lib\ext\sunjce_provider.jar;C:\Program Files\Java\jre1.8.0_191\lib\ext\sunmscapi.jar;C:\Program Files\Java\jre1.8.0_191\lib\ext\sunpkcs11.jar;C:\Program Files\Java\jre1.8.0_191\lib\ext\zipfs.jar;C:\Users\Ninita\Desktop\gametheory\Masterprojekt\bin;C:\Program Files\IBM\ILOG\CPLEX_Studio128\cplex\lib\cplex.jar
Launcher Type: SUN_STANDARD

Environment Variables:
PATH=C:/Program Files/Java/jre1.8.0_191/bin/server;C:/Program Files/Java/jre1.8.0_191/bin;C:/Program Files/Java/jre1.8.0_191/lib/amd64;C:\Program Files\IBM\ILOG\CPLEX_Studio128\opl\bin\x64_win64;C:\Program Files\IBM\ILOG\CPLEX_Studio128\opl\oplide\;C:\Program Files\IBM\ILOG\CPLEX_Studio128\cplex\bin\x64_win64;C:\Program Files\IBM\ILOG\CPLEX_Studio128\cpoptimizer\bin\x64_win64;C:\Program Files (x86)\Common Files\Oracle\Java\javapath;C:\ProgramData\Oracle\Java\javapath;C:\Program Files (x86)\Intel\iCLS Client\;C:\Program Files\Intel\iCLS Client\;C:\Windows\system32;C:\Windows;C:\Windows\System32\Wbem;C:\Windows\System32\WindowsPowerShell\v1.0\;C:\Program Files (x86)\NVIDIA Corporation\PhysX\Common;C:\Program Files (x86)\Intel\Intel(R) Management Engine Components\DAL;C:\Program Files\Intel\Intel(R) Management Engine Components\DAL;C:\Program Files (x86)\Intel\Intel(R) Management Engine Components\IPT;C:\Program Files\Intel\Intel(R) Management Engine Components\IPT;C:\Program Files\PuTTY\;C:\WINDOWS\system32;C:\WINDOWS;C:\WINDOWS\System32\Wbem;C:\WINDOWS\System32\WindowsPowerShell\v1.0\;C:\Strawberry\c\bin;C:\Strawberry\perl\site\bin;C:\Strawberry\perl\bin;C:\Program Files\MiKTeX 2.9\miktex\bin\x64\;C:\WINDOWS\System32\OpenSSH\;C:\Users\Ninita\AppData\Local\Microsoft\WindowsApps;C:\Users\Ninita\AppData\Local\GitHubDesktop\bin;C:\WINDOWS\system32;
USERNAME=Ninita
OS=Windows_NT
PROCESSOR_IDENTIFIER=Intel64 Family 6 Model 158 Stepping 9, GenuineIntel



---------------  S Y S T E M  ---------------

OS: Windows 10.0 , 64 bit Build 17134 (10.0.17134.1)

CPU:total 8 (initial active 8) (4 cores per cpu, 2 threads per core) family 6 model 158 stepping 9, cmov, cx8, fxsr, mmx, sse, sse2, sse3, ssse3, sse4.1, sse4.2, popcnt, avx, avx2, aes, clmul, erms, 3dnowpref, lzcnt, ht, tsc, tscinvbit, bmi1, bmi2, adx

Memory: 4k page, physical 8340696k(1683100k free), swap 14734552k(4122620k free)

vm_info: Java HotSpot(TM) 64-Bit Server VM (25.191-b12) for windows-amd64 JRE (1.8.0_191-b12), built on Oct  6 2018 09:29:03 by "java_re" with MS VC++ 10.0 (VS2010)

time: Thu Dec 20 15:38:08 2018
elapsed time: 0 seconds (0d 0h 0m 0s)

