#
# A fatal error has been detected by the Java Runtime Environment:
#
#  EXCEPTION_ACCESS_VIOLATION (0xc0000005) at pc=0x00007ff8108f28ee, pid=8728, tid=0x0000000000003530
#
# JRE version: Java(TM) SE Runtime Environment (8.0_191-b12) (build 1.8.0_191-b12)
# Java VM: Java HotSpot(TM) 64-Bit Server VM (25.191-b12 mixed mode windows-amd64 compressed oops)
# Problematic frame:
# C  [cplex1280remotejni.dll+0x3a28ee]
#
# Failed to write core dump. Minidumps are not enabled by default on client versions of Windows
#
# If you would like to submit a bug report, please visit:
#   http://bugreport.java.com/bugreport/crash.jsp
# The crash happened outside the Java Virtual Machine in native code.
# See problematic frame for where to report the bug.
#

---------------  T H R E A D  ---------------

Current thread (0x0000000002ca2800):  JavaThread "main" [_thread_in_native, id=13616, stack(0x0000000002ae0000,0x0000000002be0000)]

siginfo: ExceptionCode=0xc0000005, reading address 0xffffffffffffffff

Registers:
RAX=0x0000000000000001, RBX=0x0000000000000000, RCX=0x0000000001074a00, RDX=0x0000000000000001
RSP=0x0000000002bde740, RBP=0x0000000000000000, RSI=0x000000000107b2a0, RDI=0x00000000010747f0
R8 =0x0000000000000004, R9 =0x0000000018ab9df8, R10=0x00000000010749a0, R11=0x0000000001074a60
R12=0x00000000010744c0, R13=0x80003c0087fb8a9e, R14=0xbff0000000000000, R15=0x0000000000000001
RIP=0x00007ff8108f28ee, EFLAGS=0x0000000000010203

Top of Stack: (sp=0x0000000002bde740)
0x0000000002bde740:   0000000000000001 0000000000000040
0x0000000002bde750:   0000000000000000 0000000000b511a0
0x0000000002bde760:   00000000189c1570 0000000000000000
0x0000000002bde770:   000000000107b0c0 0000000000000001
0x0000000002bde780:   0000000000000001 0000000002bde7c0
0x0000000002bde790:   0000000000000001 00007ff8109a2862
0x0000000002bde7a0:   0000000000000008 000000000106f900
0x0000000002bde7b0:   0000000000000001 0000000001074a00
0x0000000002bde7c0:   00000000010744c0 0000000019304710
0x0000000002bde7d0:   0000000000000000 0000000000000000
0x0000000002bde7e0:   0000000000000000 0000000001074a60
0x0000000002bde7f0:   00000000010749a0 0000000000000010
0x0000000002bde800:   0000000000000010 00000000193074e0
0x0000000002bde810:   0000000019304710 00000000193074e0
0x0000000002bde820:   0000000000000001 0000000000000000
0x0000000002bde830:   0000000000000000 0000000000000000 

Instructions: (pc=0x00007ff8108f28ee)
0x00007ff8108f28ce:   f4 53 01 66 0f 2f c1 4a 63 14 bf 72 03 0f 28 d0
0x00007ff8108f28de:   66 0f 2e d0 7a 06 0f 84 34 04 00 00 4d 8b 2c d3
0x00007ff8108f28ee:   43 89 2c ac 4d 8b 2c d3 4d 8b 31 4e 89 34 e9 49
0x00007ff8108f28fe:   ff 04 d3 49 ff c7 49 83 c1 08 4d 3b f8 7c b5 4c 


Register to memory mapping:

RAX=0x0000000000000001 is an unknown value
RBX=0x0000000000000000 is an unknown value
RCX=0x0000000001074a00 is an unknown value
RDX=0x0000000000000001 is an unknown value
RSP=0x0000000002bde740 is pointing into the stack for thread: 0x0000000002ca2800
RBP=0x0000000000000000 is an unknown value
RSI=0x000000000107b2a0 is an unknown value
RDI=0x00000000010747f0 is an unknown value
R8 =0x0000000000000004 is an unknown value
R9 =0x0000000018ab9df8 is an unknown value
R10=0x00000000010749a0 is an unknown value
R11=0x0000000001074a60 is an unknown value
R12=0x00000000010744c0 is an unknown value
R13=0x80003c0087fb8a9e is an unknown value
R14=0xbff0000000000000 is an unknown value
R15=0x0000000000000001 is an unknown value


Stack: [0x0000000002ae0000,0x0000000002be0000],  sp=0x0000000002bde740,  free space=1017k
Native frames: (J=compiled Java code, j=interpreted, Vv=VM code, C=native code)

Java frames: (J=compiled Java code, j=interpreted, Vv=VM code)
j  ilog.cplex.Cplex.CPXaddrows(JJIII[D[B[I[I[D[Ljava/lang/String;[Ljava/lang/String;)I+0
j  ilog.cplex.CplexI._addRows(I[D[D[I[I[D[Ljava/lang/String;)V+221
j  ilog.cplex.CplexI.addRow(Lilog/cplex/CpxRange;DDI[I[DLjava/lang/String;)Lilog/cplex/CplexIndex;+67
j  ilog.cplex.CpxRange.init(Lilog/cplex/CplexI;DDI[D[Lilog/cplex/CpxNumVar;)V+81
j  ilog.cplex.CpxRange.<init>(Lilog/cplex/CplexI;DLilog/cplex/CpxNumExpr;DLjava/lang/String;)V+202
j  ilog.cplex.IloCplexModeler.addRange(Lilog/cplex/CplexI;DLilog/concert/IloNumExpr;DLjava/lang/String;)Lilog/concert/IloRange;+38
j  ilog.cplex.IloCplexModeler.addEq(DLilog/concert/IloNumExpr;)Lilog/concert/IloRange;+9
j  heuristic.SocialOptimum.solveDSSP(LgraphModel/Graphs;)V+524
j  heuristic.SocialOptimum.<init>(LgraphModel/Graphs;)V+57
j  TransportationNetworks.SiouxFalls.main([Ljava/lang/String;)V+568
v  ~StubRoutines::call_stub

---------------  P R O C E S S  ---------------

Java Threads: ( => current thread )
  0x00000000172cd800 JavaThread "Service Thread" daemon [_thread_blocked, id=13796, stack(0x00000000184d0000,0x00000000185d0000)]
  0x00000000172c7000 JavaThread "C1 CompilerThread1" daemon [_thread_blocked, id=16320, stack(0x00000000183d0000,0x00000000184d0000)]
  0x000000001726b800 JavaThread "C2 CompilerThread0" daemon [_thread_blocked, id=8128, stack(0x00000000182d0000,0x00000000183d0000)]
  0x000000001726a000 JavaThread "Attach Listener" daemon [_thread_blocked, id=296, stack(0x00000000181d0000,0x00000000182d0000)]
  0x0000000017266800 JavaThread "Signal Dispatcher" daemon [_thread_blocked, id=11624, stack(0x00000000180d0000,0x00000000181d0000)]
  0x0000000017258800 JavaThread "Finalizer" daemon [_thread_blocked, id=13520, stack(0x0000000017ea0000,0x0000000017fa0000)]
  0x0000000002d90000 JavaThread "Reference Handler" daemon [_thread_blocked, id=10428, stack(0x0000000017da0000,0x0000000017ea0000)]
=>0x0000000002ca2800 JavaThread "main" [_thread_in_native, id=13616, stack(0x0000000002ae0000,0x0000000002be0000)]

Other Threads:
  0x0000000017237000 VMThread [stack: 0x0000000017ca0000,0x0000000017da0000] [id=15700]
  0x00000000172e3800 WatcherThread [stack: 0x00000000185d0000,0x00000000186d0000] [id=14192]

VM state:not at safepoint (normal execution)

VM Mutex/Monitor currently owned by a thread: None

Heap:
 PSYoungGen      total 35840K, used 8265K [0x00000000d8380000, 0x00000000dab80000, 0x0000000100000000)
  eden space 30720K, 26% used [0x00000000d8380000,0x00000000d8b927d0,0x00000000da180000)
  from space 5120K, 0% used [0x00000000da680000,0x00000000da680000,0x00000000dab80000)
  to   space 5120K, 0% used [0x00000000da180000,0x00000000da180000,0x00000000da680000)
 ParOldGen       total 81920K, used 0K [0x0000000088a00000, 0x000000008da00000, 0x00000000d8380000)
  object space 81920K, 0% used [0x0000000088a00000,0x0000000088a00000,0x000000008da00000)
 Metaspace       used 5751K, capacity 6194K, committed 6400K, reserved 1056768K
  class space    used 640K, capacity 733K, committed 768K, reserved 1048576K

Card table byte_map: [0x0000000012160000,0x0000000012520000] byte_map_base: 0x0000000011d1b000

Marking Bits: (ParMarkBitMap*) 0x00000000597c3e30
 Begin Bits: [0x00000000129a0000, 0x0000000014778000)
 End Bits:   [0x0000000014778000, 0x0000000016550000)

Polling page: 0x0000000001000000

CodeCache: size=245760Kb used=2175Kb max_used=2175Kb free=243584Kb
 bounds [0x0000000002da0000, 0x0000000003010000, 0x0000000011da0000]
 total_blobs=929 nmethods=494 adapters=349
 compilation: enabled

Compilation events (10 events):
Event: 1.486 Thread 0x00000000172c7000  488       3       ilog.cplex.CpxExtractable::<init> (10 bytes)
Event: 1.486 Thread 0x00000000172c7000 nmethod 488 0x0000000002fbba50 code [0x0000000002fbbba0, 0x0000000002fbbd70]
Event: 1.486 Thread 0x00000000172c7000  489       3       ilog.cplex.CpxNumVar::<init> (26 bytes)
Event: 1.486 Thread 0x00000000172c7000 nmethod 489 0x0000000002fbbe10 code [0x0000000002fbbfa0, 0x0000000002fbc348]
Event: 1.487 Thread 0x00000000172c7000  490       3       ilog.cplex.IloCplexModeler::numVar (15 bytes)
Event: 1.487 Thread 0x000000001726b800 nmethod 487 0x0000000002fbf350 code [0x0000000002fbf4a0, 0x0000000002fbf618]
Event: 1.487 Thread 0x00000000172c7000 nmethod 490 0x0000000002fbe6d0 code [0x0000000002fbe860, 0x0000000002fbed90]
Event: 1.487 Thread 0x00000000172c7000  491       3       ilog.cplex.IloCplexModeler::constant (9 bytes)
Event: 1.487 Thread 0x00000000172c7000 nmethod 491 0x0000000002fbe1d0 code [0x0000000002fbe340, 0x0000000002fbe5b0]
Event: 1.487 Thread 0x00000000172c7000  494       3       ilog.cplex.IloCplexModeler::staticSum (131 bytes)

GC Heap History (0 events):
No events

Deoptimization events (4 events):
Event: 1.455 Thread 0x0000000002ca2800 Uncommon trap: reason=unstable_if action=reinterpret pc=0x0000000002f9c07c method=sun.misc.URLClassPath.getLoader(I)Lsun/misc/URLClassPath$Loader; @ 36
Event: 1.455 Thread 0x0000000002ca2800 Uncommon trap: reason=unstable_if action=reinterpret pc=0x0000000002f98094 method=sun.misc.URLClassPath.getLoader(I)Lsun/misc/URLClassPath$Loader; @ 36
Event: 1.455 Thread 0x0000000002ca2800 Uncommon trap: reason=unstable_if action=reinterpret pc=0x0000000002fa5724 method=sun.misc.MetaIndex.mayContain(Ljava/lang/String;)Z @ 13
Event: 1.456 Thread 0x0000000002ca2800 Uncommon trap: reason=unstable_if action=reinterpret pc=0x0000000002f91bc8 method=sun.misc.MetaIndex.mayContain(Ljava/lang/String;)Z @ 13

Classes redefined (0 events):
No events

Internal exceptions (8 events):
Event: 0.247 Thread 0x0000000002ca2800 Exception <a 'java/lang/NoSuchMethodError': Method sun.misc.Unsafe.defineClass(Ljava/lang/String;[BII)Ljava/lang/Class; name or signature does not match> (0x00000000d8387cb0) thrown at [C:\re\workspace\8-2-build-windows-amd64-cygwin\jdk8u191\11896\hotspot
Event: 0.247 Thread 0x0000000002ca2800 Exception <a 'java/lang/NoSuchMethodError': Method sun.misc.Unsafe.prefetchRead(Ljava/lang/Object;J)V name or signature does not match> (0x00000000d8387f98) thrown at [C:\re\workspace\8-2-build-windows-amd64-cygwin\jdk8u191\11896\hotspot\src\share\vm\prim
Event: 1.023 Thread 0x0000000002ca2800 Exception <a 'java/lang/NoSuchFieldError': method resolution failed> (0x00000000d85e33d0) thrown at [C:\re\workspace\8-2-build-windows-amd64-cygwin\jdk8u191\11896\hotspot\src\share\vm\prims\methodHandles.cpp, line 1167]
Event: 1.028 Thread 0x0000000002ca2800 Exception <a 'java/lang/NoSuchFieldError': method resolution failed> (0x00000000d85f0ad8) thrown at [C:\re\workspace\8-2-build-windows-amd64-cygwin\jdk8u191\11896\hotspot\src\share\vm\prims\methodHandles.cpp, line 1167]
Event: 1.456 Thread 0x0000000002ca2800 Exception <a 'java/security/PrivilegedActionException'> (0x00000000d8ab7310) thrown at [C:\re\workspace\8-2-build-windows-amd64-cygwin\jdk8u191\11896\hotspot\src\share\vm\prims\jvm.cpp, line 1435]
Event: 1.456 Thread 0x0000000002ca2800 Exception <a 'java/security/PrivilegedActionException'> (0x00000000d8ab7708) thrown at [C:\re\workspace\8-2-build-windows-amd64-cygwin\jdk8u191\11896\hotspot\src\share\vm\prims\jvm.cpp, line 1435]
Event: 1.457 Thread 0x0000000002ca2800 Exception <a 'java/security/PrivilegedActionException'> (0x00000000d8abb560) thrown at [C:\re\workspace\8-2-build-windows-amd64-cygwin\jdk8u191\11896\hotspot\src\share\vm\prims\jvm.cpp, line 1435]
Event: 1.457 Thread 0x0000000002ca2800 Exception <a 'java/security/PrivilegedActionException'> (0x00000000d8abb958) thrown at [C:\re\workspace\8-2-build-windows-amd64-cygwin\jdk8u191\11896\hotspot\src\share\vm\prims\jvm.cpp, line 1435]

Events (10 events):
Event: 1.476 loading class java/util/Formatter$Conversion
Event: 1.477 loading class java/util/Formatter$Conversion done
Event: 1.477 loading class java/util/Formatter$FixedString
Event: 1.477 loading class java/util/Formatter$FixedString done
Event: 1.478 loading class java/util/Formattable
Event: 1.478 loading class java/util/Formattable done
Event: 1.480 loading class genetic/heuristic/GaMINTB
Event: 1.480 loading class genetic/heuristic/GaMINTB done
Event: 1.481 loading class genetic/heuristic/Population
Event: 1.482 loading class genetic/heuristic/Population done


Dynamic libraries:
0x00007ff78d6c0000 - 0x00007ff78d6f7000 	C:\Program Files\Java\jre1.8.0_191\bin\javaw.exe
0x00007ff8557a0000 - 0x00007ff85598d000 	C:\WINDOWS\SYSTEM32\ntdll.dll
0x00007ff854d50000 - 0x00007ff854e03000 	C:\WINDOWS\System32\KERNEL32.DLL
0x00007ff8522b0000 - 0x00007ff852543000 	C:\WINDOWS\System32\KERNELBASE.dll
0x00007ff855380000 - 0x00007ff855423000 	C:\WINDOWS\System32\ADVAPI32.dll
0x00007ff8549f0000 - 0x00007ff854a8e000 	C:\WINDOWS\System32\msvcrt.dll
0x00007ff854bc0000 - 0x00007ff854c5e000 	C:\WINDOWS\System32\sechost.dll
0x00007ff854a90000 - 0x00007ff854bb2000 	C:\WINDOWS\System32\RPCRT4.dll
0x00007ff8543d0000 - 0x00007ff854567000 	C:\WINDOWS\System32\USER32.dll
0x00007ff8520c0000 - 0x00007ff8520e0000 	C:\WINDOWS\System32\win32u.dll
0x00007ff854250000 - 0x00007ff854279000 	C:\WINDOWS\System32\GDI32.dll
0x00007ff852650000 - 0x00007ff8527ea000 	C:\WINDOWS\System32\gdi32full.dll
0x00007ff8525b0000 - 0x00007ff852650000 	C:\WINDOWS\System32\msvcp_win.dll
0x00007ff851870000 - 0x00007ff85196c000 	C:\WINDOWS\System32\ucrtbase.dll
0x00007ff8412b0000 - 0x00007ff841529000 	C:\WINDOWS\WinSxS\amd64_microsoft.windows.common-controls_6595b64144ccf1df_6.0.17763.292_none_05b137b40722e6bb\COMCTL32.dll
0x00007ff854e10000 - 0x00007ff85513d000 	C:\WINDOWS\System32\combase.dll
0x00007ff852190000 - 0x00007ff85220e000 	C:\WINDOWS\System32\bcryptPrimitives.dll
0x00007ff854070000 - 0x00007ff85409e000 	C:\WINDOWS\System32\IMM32.DLL
0x000000005a480000 - 0x000000005a552000 	C:\Program Files\Java\jre1.8.0_191\bin\msvcr100.dll
0x0000000058fa0000 - 0x0000000059844000 	C:\Program Files\Java\jre1.8.0_191\bin\server\jvm.dll
0x00007ff854c90000 - 0x00007ff854c98000 	C:\WINDOWS\System32\PSAPI.DLL
0x00007ff849b40000 - 0x00007ff849b49000 	C:\WINDOWS\SYSTEM32\WSOCK32.dll
0x00007ff855700000 - 0x00007ff85576d000 	C:\WINDOWS\System32\WS2_32.dll
0x00007ff84ef60000 - 0x00007ff84ef84000 	C:\WINDOWS\SYSTEM32\WINMM.dll
0x00007ff84cc30000 - 0x00007ff84cc3a000 	C:\WINDOWS\SYSTEM32\VERSION.dll
0x00007ff84ef30000 - 0x00007ff84ef5d000 	C:\WINDOWS\SYSTEM32\WINMMBASE.dll
0x00007ff852230000 - 0x00007ff85227a000 	C:\WINDOWS\System32\cfgmgr32.dll
0x000000005b1d0000 - 0x000000005b1df000 	C:\Program Files\Java\jre1.8.0_191\bin\verify.dll
0x000000005a450000 - 0x000000005a479000 	C:\Program Files\Java\jre1.8.0_191\bin\java.dll
0x000000005a430000 - 0x000000005a446000 	C:\Program Files\Java\jre1.8.0_191\bin\zip.dll
0x00007ff8529d0000 - 0x00007ff853ebf000 	C:\WINDOWS\System32\SHELL32.dll
0x00007ff854ca0000 - 0x00007ff854d48000 	C:\WINDOWS\System32\shcore.dll
0x00007ff851970000 - 0x00007ff8520ba000 	C:\WINDOWS\System32\windows.storage.dll
0x00007ff8517a0000 - 0x00007ff8517c4000 	C:\WINDOWS\System32\profapi.dll
0x00007ff851810000 - 0x00007ff85186d000 	C:\WINDOWS\System32\powrprof.dll
0x00007ff855320000 - 0x00007ff855372000 	C:\WINDOWS\System32\shlwapi.dll
0x00007ff8517d0000 - 0x00007ff8517e1000 	C:\WINDOWS\System32\kernel.appcore.dll
0x00007ff852210000 - 0x00007ff852227000 	C:\WINDOWS\System32\cryptsp.dll
0x00007ff810550000 - 0x00007ff812575000 	C:\Program Files\IBM\ILOG\CPLEX_Studio128\cplex\bin\x64_win64\cplex1280remotejni.dll
0x00007ff847910000 - 0x00007ff847926000 	C:\Program Files\Java\jre1.8.0_191\bin\VCRUNTIME140.dll
0x00007ff850090000 - 0x00007ff85027d000 	C:\WINDOWS\SYSTEM32\dbghelp.dll

VM Arguments:
jvm_args: -Djava.library.path=C:\Program Files\IBM\ILOG\CPLEX_Studio128\cplex\bin\x64_win64 -Dfile.encoding=Cp1252 
java_command: TransportationNetworks.SiouxFalls
java_class_path (initial): C:\Program Files\Java\jre1.8.0_191\lib\resources.jar;C:\Program Files\Java\jre1.8.0_191\lib\rt.jar;C:\Program Files\Java\jre1.8.0_191\lib\jsse.jar;C:\Program Files\Java\jre1.8.0_191\lib\jce.jar;C:\Program Files\Java\jre1.8.0_191\lib\charsets.jar;C:\Program Files\Java\jre1.8.0_191\lib\jfr.jar;C:\Program Files\Java\jre1.8.0_191\lib\ext\access-bridge-64.jar;C:\Program Files\Java\jre1.8.0_191\lib\ext\cldrdata.jar;C:\Program Files\Java\jre1.8.0_191\lib\ext\dnsns.jar;C:\Program Files\Java\jre1.8.0_191\lib\ext\jaccess.jar;C:\Program Files\Java\jre1.8.0_191\lib\ext\jfxrt.jar;C:\Program Files\Java\jre1.8.0_191\lib\ext\localedata.jar;C:\Program Files\Java\jre1.8.0_191\lib\ext\nashorn.jar;C:\Program Files\Java\jre1.8.0_191\lib\ext\sunec.jar;C:\Program Files\Java\jre1.8.0_191\lib\ext\sunjce_provider.jar;C:\Program Files\Java\jre1.8.0_191\lib\ext\sunmscapi.jar;C:\Program Files\Java\jre1.8.0_191\lib\ext\sunpkcs11.jar;C:\Program Files\Java\jre1.8.0_191\lib\ext\zipfs.jar;C:\Users\julia\Dropbox\Projekt Algorithm Engineering-Projekt\Traffic-Equilibrium\Masterprojekt\bin;C:\Program Files\IBM\ILOG\CPLEX_Studio128\cplex\lib\cplex.jar;C:\Users\julia\Dropbox\Projekt Algorithm Engineering-Projekt\Traffic-Equilibrium\Masterprojekt\libs\jackson-annotations-2.9.8.jar;C:\Users\julia\Dropbox\Projekt Algorithm Engineering-Projekt\Traffic-Equilibrium\Masterprojekt\libs\jackson-core-2.9.8.jar;C:\Users\julia\Dropbox\Projekt Algorithm Engineering-Projekt\Traffic-Equilibrium\Masterprojekt\libs\jackson-databind-2.9.8.jar;C:\Users\julia\.p2\pool\plugins\org.junit.jupiter.api_5.1.0.v20180327-1502.jar;C:\Users\julia\.p2\pool\plugins\org.junit.jupiter.engine_5.1.0.v20180327-1502.jar;C:\Users\julia\.p2\pool\plugins\org.junit.jupiter.migrationsupport_5.1.0.v20180327-1502.jar;C:\Users\julia\.p2\pool\plugins\org.junit.jupiter.params_5.1.0.v20180327-1502.jar;C:\Users\julia\.p2\pool\plugins\org.junit.platform.commons_1.1.0.v20180327-1502.jar;C:\Users\julia\.p2\pool\plugins\org.junit
Launcher Type: SUN_STANDARD

Environment Variables:
PATH=C:/Program Files/Java/jre1.8.0_191/bin/server;C:/Program Files/Java/jre1.8.0_191/bin;C:/Program Files/Java/jre1.8.0_191/lib/amd64;C:\Program Files\IBM\ILOG\CPLEX_Studio128\opl\bin\x64_win64;C:\Program Files\IBM\ILOG\CPLEX_Studio128\opl\oplide\;C:\Program Files\IBM\ILOG\CPLEX_Studio128\cplex\bin\x64_win64;C:\Program Files\IBM\ILOG\CPLEX_Studio128\cpoptimizer\bin\x64_win64;C:\Program Files (x86)\Common Files\Oracle\Java\javapath;C:\WINDOWS\system32;C:\WINDOWS;C:\WINDOWS\System32\Wbem;C:\WINDOWS\System32\WindowsPowerShell\v1.0\;C:\WINDOWS\System32\OpenSSH\;C:\Program Files\Git\cmd;C:\Users\julia\AppData\Local\Microsoft\WindowsApps;C:\Users\julia\AppData\Local\Programs\MiKTeX 2.9\miktex\bin\x64\;C:\WINDOWS\System32;
USERNAME=julia
OS=Windows_NT
PROCESSOR_IDENTIFIER=AMD64 Family 21 Model 112 Stepping 0, AuthenticAMD



---------------  S Y S T E M  ---------------

OS: Windows 10.0 , 64 bit Build 17763 (10.0.17763.292)

CPU:total 2 (initial active 2) (2 cores per cpu, 1 threads per core) family 21 model 112 stepping 0, cmov, cx8, fxsr, mmx, sse, sse2, sse3, ssse3, sse4.1, sse4.2, popcnt, avx, avx2, aes, clmul, mmxext, 3dnowpref, lzcnt, sse4a, tsc, tscinvbit, tscinv, bmi1

Memory: 4k page, physical 7819448k(3211064k free), swap 9122764k(2323700k free)

vm_info: Java HotSpot(TM) 64-Bit Server VM (25.191-b12) for windows-amd64 JRE (1.8.0_191-b12), built on Oct  6 2018 09:29:03 by "java_re" with MS VC++ 10.0 (VS2010)

time: Tue Feb 05 11:14:59 2019
elapsed time: 1 seconds (0d 0h 0m 1s)

