#
# A fatal error has been detected by the Java Runtime Environment:
#
#  EXCEPTION_ACCESS_VIOLATION (0xc0000005) at pc=0x00007ff8cae328ee, pid=7384, tid=0x0000000000001fd0
#
# JRE version: Java(TM) SE Runtime Environment (8.0_191-b12) (build 1.8.0_191-b12)
# Java VM: Java HotSpot(TM) 64-Bit Server VM (25.191-b12 mixed mode windows-amd64 compressed oops)
# Problematic frame:
# C  [cplex1280remotejni.dll+0x3a28ee]
#
# Failed to write core dump. Minidumps are not enabled by default on client versions of Windows
#
# If you would like to submit a bug report, please visit:
#   http://bugreport.java.com/bugreport/crash.jsp
# The crash happened outside the Java Virtual Machine in native code.
# See problematic frame for where to report the bug.
#

---------------  T H R E A D  ---------------

Current thread (0x0000000002cde000):  JavaThread "main" [_thread_in_native, id=8144, stack(0x0000000002d30000,0x0000000002e30000)]

siginfo: ExceptionCode=0xc0000005, writing address 0x0000001401028318

Registers:
RAX=0x0000000000000001, RBX=0x0000000000000000, RCX=0x0000000001028050, RDX=0x0000000000000000
RSP=0x0000000002e2e8e0, RBP=0x0000000000000000, RSI=0x000000001bd4d3c0, RDI=0x0000000000ff1e00
R8 =0x0000000000000002, R9 =0x000000001acee4a8, R10=0x0000000001028330, R11=0x0000000001028210
R12=0x0000000001028310, R13=0x0000000500000002, R14=0x3ff0000000000000, R15=0x0000000000000001
RIP=0x00007ff8cae328ee, EFLAGS=0x0000000000010203

Top of Stack: (sp=0x0000000002e2e8e0)
0x0000000002e2e8e0:   0000000000000001 0000000000000001
0x0000000002e2e8f0:   0000000000ff1d80 0000000000000030
0x0000000002e2e900:   000000001ac407d0 0000000000000000
0x0000000002e2e910:   000000001bd4d510 0000000000000001
0x0000000002e2e920:   0000000000000001 0000000002e2e960
0x0000000002e2e930:   0000000000000001 00007ff8caee2862
0x0000000002e2e940:   0000000000000004 000000001bd50f00
0x0000000002e2e950:   0000000000000001 0000000001028050
0x0000000002e2e960:   0000000001028310 000000001b4f9510
0x0000000002e2e970:   0000000000000000 0000000000000000
0x0000000002e2e980:   0000000000000000 0000000001028210
0x0000000002e2e990:   0000000001028330 0000000000000010
0x0000000002e2e9a0:   0000000000000010 000000001bd5d2a0
0x0000000002e2e9b0:   000000001b4f9510 000000001bd5d2a0
0x0000000002e2e9c0:   0000000000000001 0000000000000000
0x0000000002e2e9d0:   0000000000000000 0000000000000000 

Instructions: (pc=0x00007ff8cae328ee)
0x00007ff8cae328ce:   f4 53 01 66 0f 2f c1 4a 63 14 bf 72 03 0f 28 d0
0x00007ff8cae328de:   66 0f 2e d0 7a 06 0f 84 34 04 00 00 4d 8b 2c d3
0x00007ff8cae328ee:   43 89 2c ac 4d 8b 2c d3 4d 8b 31 4e 89 34 e9 49
0x00007ff8cae328fe:   ff 04 d3 49 ff c7 49 83 c1 08 4d 3b f8 7c b5 4c 


Register to memory mapping:

RAX=0x0000000000000001 is an unknown value
RBX=0x0000000000000000 is an unknown value
RCX=0x0000000001028050 is an unknown value
RDX=0x0000000000000000 is an unknown value
RSP=0x0000000002e2e8e0 is pointing into the stack for thread: 0x0000000002cde000
RBP=0x0000000000000000 is an unknown value
RSI=0x000000001bd4d3c0 is an unknown value
RDI=0x0000000000ff1e00 is an unknown value
R8 =0x0000000000000002 is an unknown value
R9 =0x000000001acee4a8 is an unknown value
R10=0x0000000001028330 is an unknown value
R11=0x0000000001028210 is an unknown value
R12=0x0000000001028310 is an unknown value
R13=0x0000000500000002 is an unknown value
R14=0x3ff0000000000000 is an unknown value
R15=0x0000000000000001 is an unknown value


Stack: [0x0000000002d30000,0x0000000002e30000],  sp=0x0000000002e2e8e0,  free space=1018k
Native frames: (J=compiled Java code, j=interpreted, Vv=VM code, C=native code)

Java frames: (J=compiled Java code, j=interpreted, Vv=VM code)
j  ilog.cplex.Cplex.CPXaddrows(JJIII[D[B[I[I[D[Ljava/lang/String;[Ljava/lang/String;)I+0
j  ilog.cplex.CplexI._addRows(I[D[D[I[I[D[Ljava/lang/String;)V+221
j  ilog.cplex.CplexI.addRow(Lilog/cplex/CpxRange;DDI[I[DLjava/lang/String;)Lilog/cplex/CplexIndex;+67
j  ilog.cplex.CpxRange.init(Lilog/cplex/CplexI;DDI[D[Lilog/cplex/CpxNumVar;)V+81
j  ilog.cplex.CpxRange.<init>(Lilog/cplex/CplexI;DLilog/cplex/CpxNumExpr;DLjava/lang/String;)V+202
j  ilog.cplex.IloCplexModeler.addRange(Lilog/cplex/CplexI;DLilog/concert/IloNumExpr;DLjava/lang/String;)Lilog/concert/IloRange;+38
j  ilog.cplex.IloCplexModeler.addGe(Lilog/concert/IloNumExpr;D)Lilog/concert/IloRange;+11
j  heuristic.RMINTB.solve(LgraphModel/Graphs;)V+256
j  main.Main.main([Ljava/lang/String;)V+328
v  ~StubRoutines::call_stub

---------------  P R O C E S S  ---------------

Java Threads: ( => current thread )
  0x0000000019edc000 JavaThread "Service Thread" daemon [_thread_blocked, id=5992, stack(0x000000001aa40000,0x000000001ab40000)]
  0x0000000019e5e800 JavaThread "C1 CompilerThread3" daemon [_thread_blocked, id=10236, stack(0x000000001a940000,0x000000001aa40000)]
  0x0000000019e56000 JavaThread "C2 CompilerThread2" daemon [_thread_blocked, id=6888, stack(0x000000001a840000,0x000000001a940000)]
  0x0000000019e4c000 JavaThread "C2 CompilerThread1" daemon [_thread_blocked, id=7572, stack(0x000000001a740000,0x000000001a840000)]
  0x0000000019e48000 JavaThread "C2 CompilerThread0" daemon [_thread_blocked, id=7560, stack(0x000000001a640000,0x000000001a740000)]
  0x0000000019e47000 JavaThread "Attach Listener" daemon [_thread_blocked, id=1076, stack(0x000000001a540000,0x000000001a640000)]
  0x0000000019e50800 JavaThread "Signal Dispatcher" daemon [_thread_blocked, id=1788, stack(0x000000001a440000,0x000000001a540000)]
  0x0000000019e40800 JavaThread "Finalizer" daemon [_thread_blocked, id=7292, stack(0x000000001a220000,0x000000001a320000)]
  0x0000000002f29000 JavaThread "Reference Handler" daemon [_thread_blocked, id=6340, stack(0x0000000019d20000,0x0000000019e20000)]
=>0x0000000002cde000 JavaThread "main" [_thread_in_native, id=8144, stack(0x0000000002d30000,0x0000000002e30000)]

Other Threads:
  0x0000000017f39800 VMThread [stack: 0x0000000019c20000,0x0000000019d20000] [id=1812]
  0x0000000019f05000 WatcherThread [stack: 0x000000001ab40000,0x000000001ac40000] [id=10212]

VM state:not at safepoint (normal execution)

VM Mutex/Monitor currently owned by a thread: None

Heap:
 PSYoungGen      total 71680K, used 2725K [0x00000000d5900000, 0x00000000ddf00000, 0x0000000100000000)
  eden space 66560K, 2% used [0x00000000d5900000,0x00000000d5a4d688,0x00000000d9a00000)
  from space 5120K, 27% used [0x00000000d9a00000,0x00000000d9b5c050,0x00000000d9f00000)
  to   space 2048K, 0% used [0x00000000ddd00000,0x00000000ddd00000,0x00000000ddf00000)
 ParOldGen       total 87552K, used 36K [0x0000000080a00000, 0x0000000085f80000, 0x00000000d5900000)
  object space 87552K, 0% used [0x0000000080a00000,0x0000000080a09398,0x0000000085f80000)
 Metaspace       used 5471K, capacity 6200K, committed 6400K, reserved 1056768K
  class space    used 616K, capacity 708K, committed 768K, reserved 1048576K

Card table byte_map: [0x00000000122f0000,0x00000000126f0000] byte_map_base: 0x0000000011eeb000

Marking Bits: (ParMarkBitMap*) 0x000000006df63e30
 Begin Bits: [0x00000000131a0000, 0x0000000015178000)
 End Bits:   [0x0000000015178000, 0x0000000017150000)

Polling page: 0x0000000002c50000

CodeCache: size=245760Kb used=2312Kb max_used=2324Kb free=243447Kb
 bounds [0x0000000002f30000, 0x00000000031a0000, 0x0000000011f30000]
 total_blobs=987 nmethods=556 adapters=344
 compilation: enabled

Compilation events (10 events):
Event: 0.459 Thread 0x0000000019e5e800 nmethod 550 0x00000000031722d0 code [0x0000000003172420, 0x0000000003172530]
Event: 0.461 Thread 0x0000000019e48000  552       4       sun.nio.cs.SingleByte$Encoder::encode (32 bytes)
Event: 0.462 Thread 0x0000000019e48000 nmethod 552 0x0000000003174010 code [0x0000000003174160, 0x0000000003174278]
Event: 0.462 Thread 0x0000000019e5e800  553       3       java.util.Spliterators$IntArraySpliterator::forEachRemaining (68 bytes)
Event: 0.463 Thread 0x0000000019e5e800 nmethod 553 0x0000000003171ad0 code [0x0000000003171c60, 0x00000000031720f8]
Event: 0.467 Thread 0x0000000019e4c000  554       4       java.lang.AbstractStringBuilder::append (62 bytes)
Event: 0.472 Thread 0x0000000019e56000  555       4       java.lang.Integer::getChars (131 bytes)
Event: 0.474 Thread 0x0000000019e56000 nmethod 555 0x000000000316ffd0 code [0x0000000003170120, 0x0000000003170438]
Event: 0.475 Thread 0x0000000019e4c000 nmethod 554 0x0000000003174fd0 code [0x0000000003175140, 0x0000000003175978]
Event: 0.479 Thread 0x0000000019e48000  556       4       java.lang.StringBuilder::append (8 bytes)

GC Heap History (10 events):
Event: 0.225 GC heap before
{Heap before GC invocations=1 (full 0):
 PSYoungGen      total 38400K, used 33280K [0x00000000d5900000, 0x00000000d8380000, 0x0000000100000000)
  eden space 33280K, 100% used [0x00000000d5900000,0x00000000d7980000,0x00000000d7980000)
  from space 5120K, 0% used [0x00000000d7e80000,0x00000000d7e80000,0x00000000d8380000)
  to   space 5120K, 0% used [0x00000000d7980000,0x00000000d7980000,0x00000000d7e80000)
 ParOldGen       total 87552K, used 0K [0x0000000080a00000, 0x0000000085f80000, 0x00000000d5900000)
  object space 87552K, 0% used [0x0000000080a00000,0x0000000080a00000,0x0000000085f80000)
 Metaspace       used 3945K, capacity 4810K, committed 4992K, reserved 1056768K
  class space    used 467K, capacity 545K, committed 640K, reserved 1048576K
Event: 0.226 GC heap after
Heap after GC invocations=1 (full 0):
 PSYoungGen      total 38400K, used 816K [0x00000000d5900000, 0x00000000d8380000, 0x0000000100000000)
  eden space 33280K, 0% used [0x00000000d5900000,0x00000000d5900000,0x00000000d7980000)
  from space 5120K, 15% used [0x00000000d7980000,0x00000000d7a4c010,0x00000000d7e80000)
  to   space 5120K, 0% used [0x00000000d7e80000,0x00000000d7e80000,0x00000000d8380000)
 ParOldGen       total 87552K, used 8K [0x0000000080a00000, 0x0000000085f80000, 0x00000000d5900000)
  object space 87552K, 0% used [0x0000000080a00000,0x0000000080a02000,0x0000000085f80000)
 Metaspace       used 3945K, capacity 4810K, committed 4992K, reserved 1056768K
  class space    used 467K, capacity 545K, committed 640K, reserved 1048576K
}
Event: 0.263 GC heap before
{Heap before GC invocations=2 (full 0):
 PSYoungGen      total 38400K, used 34096K [0x00000000d5900000, 0x00000000d8380000, 0x0000000100000000)
  eden space 33280K, 100% used [0x00000000d5900000,0x00000000d7980000,0x00000000d7980000)
  from space 5120K, 15% used [0x00000000d7980000,0x00000000d7a4c010,0x00000000d7e80000)
  to   space 5120K, 0% used [0x00000000d7e80000,0x00000000d7e80000,0x00000000d8380000)
 ParOldGen       total 87552K, used 8K [0x0000000080a00000, 0x0000000085f80000, 0x00000000d5900000)
  object space 87552K, 0% used [0x0000000080a00000,0x0000000080a02000,0x0000000085f80000)
 Metaspace       used 3958K, capacity 4810K, committed 4992K, reserved 1056768K
  class space    used 468K, capacity 545K, committed 640K, reserved 1048576K
Event: 0.264 GC heap after
Heap after GC invocations=2 (full 0):
 PSYoungGen      total 38400K, used 768K [0x00000000d5900000, 0x00000000da400000, 0x0000000100000000)
  eden space 33280K, 0% used [0x00000000d5900000,0x00000000d5900000,0x00000000d7980000)
  from space 5120K, 15% used [0x00000000d7e80000,0x00000000d7f40020,0x00000000d8380000)
  to   space 5120K, 0% used [0x00000000d7980000,0x00000000d7980000,0x00000000d7e80000)
 ParOldGen       total 87552K, used 8K [0x0000000080a00000, 0x0000000085f80000, 0x00000000d5900000)
  object space 87552K, 0% used [0x0000000080a00000,0x0000000080a02000,0x0000000085f80000)
 Metaspace       used 3958K, capacity 4810K, committed 4992K, reserved 1056768K
  class space    used 468K, capacity 545K, committed 640K, reserved 1048576K
}
Event: 0.304 GC heap before
{Heap before GC invocations=3 (full 0):
 PSYoungGen      total 38400K, used 34048K [0x00000000d5900000, 0x00000000da400000, 0x0000000100000000)
  eden space 33280K, 100% used [0x00000000d5900000,0x00000000d7980000,0x00000000d7980000)
  from space 5120K, 15% used [0x00000000d7e80000,0x00000000d7f40020,0x00000000d8380000)
  to   space 5120K, 0% used [0x00000000d7980000,0x00000000d7980000,0x00000000d7e80000)
 ParOldGen       total 87552K, used 8K [0x0000000080a00000, 0x0000000085f80000, 0x00000000d5900000)
  object space 87552K, 0% used [0x0000000080a00000,0x0000000080a02000,0x0000000085f80000)
 Metaspace       used 3974K, capacity 4810K, committed 4992K, reserved 1056768K
  class space    used 468K, capacity 545K, committed 640K, reserved 1048576K
Event: 0.305 GC heap after
Heap after GC invocations=3 (full 0):
 PSYoungGen      total 38400K, used 720K [0x00000000d5900000, 0x00000000da400000, 0x0000000100000000)
  eden space 33280K, 0% used [0x00000000d5900000,0x00000000d5900000,0x00000000d7980000)
  from space 5120K, 14% used [0x00000000d7980000,0x00000000d7a34010,0x00000000d7e80000)
  to   space 5120K, 0% used [0x00000000d9f00000,0x00000000d9f00000,0x00000000da400000)
 ParOldGen       total 87552K, used 16K [0x0000000080a00000, 0x0000000085f80000, 0x00000000d5900000)
  object space 87552K, 0% used [0x0000000080a00000,0x0000000080a04000,0x0000000085f80000)
 Metaspace       used 3974K, capacity 4810K, committed 4992K, reserved 1056768K
  class space    used 468K, capacity 545K, committed 640K, reserved 1048576K
}
Event: 0.454 GC heap before
{Heap before GC invocations=4 (full 0):
 PSYoungGen      total 38400K, used 34000K [0x00000000d5900000, 0x00000000da400000, 0x0000000100000000)
  eden space 33280K, 100% used [0x00000000d5900000,0x00000000d7980000,0x00000000d7980000)
  from space 5120K, 14% used [0x00000000d7980000,0x00000000d7a34010,0x00000000d7e80000)
  to   space 5120K, 0% used [0x00000000d9f00000,0x00000000d9f00000,0x00000000da400000)
 ParOldGen       total 87552K, used 16K [0x0000000080a00000, 0x0000000085f80000, 0x00000000d5900000)
  object space 87552K, 0% used [0x0000000080a00000,0x0000000080a04000,0x0000000085f80000)
 Metaspace       used 5465K, capacity 6200K, committed 6400K, reserved 1056768K
  class space    used 616K, capacity 708K, committed 768K, reserved 1048576K
Event: 0.456 GC heap after
Heap after GC invocations=4 (full 0):
 PSYoungGen      total 71680K, used 1997K [0x00000000d5900000, 0x00000000da400000, 0x0000000100000000)
  eden space 66560K, 0% used [0x00000000d5900000,0x00000000d5900000,0x00000000d9a00000)
  from space 5120K, 39% used [0x00000000d9f00000,0x00000000da0f34c8,0x00000000da400000)
  to   space 5120K, 0% used [0x00000000d9a00000,0x00000000d9a00000,0x00000000d9f00000)
 ParOldGen       total 87552K, used 28K [0x0000000080a00000, 0x0000000085f80000, 0x00000000d5900000)
  object space 87552K, 0% used [0x0000000080a00000,0x0000000080a07398,0x0000000085f80000)
 Metaspace       used 5465K, capacity 6200K, committed 6400K, reserved 1056768K
  class space    used 616K, capacity 708K, committed 768K, reserved 1048576K
}
Event: 0.475 GC heap before
{Heap before GC invocations=5 (full 0):
 PSYoungGen      total 71680K, used 68557K [0x00000000d5900000, 0x00000000da400000, 0x0000000100000000)
  eden space 66560K, 100% used [0x00000000d5900000,0x00000000d9a00000,0x00000000d9a00000)
  from space 5120K, 39% used [0x00000000d9f00000,0x00000000da0f34c8,0x00000000da400000)
  to   space 5120K, 0% used [0x00000000d9a00000,0x00000000d9a00000,0x00000000d9f00000)
 ParOldGen       total 87552K, used 28K [0x0000000080a00000, 0x0000000085f80000, 0x00000000d5900000)
  object space 87552K, 0% used [0x0000000080a00000,0x0000000080a07398,0x0000000085f80000)
 Metaspace       used 5471K, capacity 6200K, committed 6400K, reserved 1056768K
  class space    used 616K, capacity 708K, committed 768K, reserved 1048576K
Event: 0.477 GC heap after
Heap after GC invocations=5 (full 0):
 PSYoungGen      total 71680K, used 1392K [0x00000000d5900000, 0x00000000ddf00000, 0x0000000100000000)
  eden space 66560K, 0% used [0x00000000d5900000,0x00000000d5900000,0x00000000d9a00000)
  from space 5120K, 27% used [0x00000000d9a00000,0x00000000d9b5c050,0x00000000d9f00000)
  to   space 2048K, 0% used [0x00000000ddd00000,0x00000000ddd00000,0x00000000ddf00000)
 ParOldGen       total 87552K, used 36K [0x0000000080a00000, 0x0000000085f80000, 0x00000000d5900000)
  object space 87552K, 0% used [0x0000000080a00000,0x0000000080a09398,0x0000000085f80000)
 Metaspace       used 5471K, capacity 6200K, committed 6400K, reserved 1056768K
  class space    used 616K, capacity 708K, committed 768K, reserved 1048576K
}

Deoptimization events (0 events):
No events

Classes redefined (0 events):
No events

Internal exceptions (4 events):
Event: 0.028 Thread 0x0000000002cde000 Exception <a 'java/lang/NoSuchMethodError': Method sun.misc.Unsafe.defineClass(Ljava/lang/String;[BII)Ljava/lang/Class; name or signature does not match> (0x00000000d5907cb0) thrown at [C:\re\workspace\8-2-build-windows-amd64-cygwin\jdk8u191\11896\hotspot
Event: 0.028 Thread 0x0000000002cde000 Exception <a 'java/lang/NoSuchMethodError': Method sun.misc.Unsafe.prefetchRead(Ljava/lang/Object;J)V name or signature does not match> (0x00000000d5907f98) thrown at [C:\re\workspace\8-2-build-windows-amd64-cygwin\jdk8u191\11896\hotspot\src\share\vm\prim
Event: 0.115 Thread 0x0000000002cde000 Exception <a 'java/lang/NoSuchFieldError': method resolution failed> (0x00000000d5b0b968) thrown at [C:\re\workspace\8-2-build-windows-amd64-cygwin\jdk8u191\11896\hotspot\src\share\vm\prims\methodHandles.cpp, line 1167]
Event: 0.116 Thread 0x0000000002cde000 Exception <a 'java/lang/NoSuchFieldError': method resolution failed> (0x00000000d5b18d68) thrown at [C:\re\workspace\8-2-build-windows-amd64-cygwin\jdk8u191\11896\hotspot\src\share\vm\prims\methodHandles.cpp, line 1167]

Events (10 events):
Event: 0.451 loading class java/util/stream/ReferencePipeline$Head
Event: 0.451 loading class java/util/stream/ReferencePipeline
Event: 0.451 loading class java/util/stream/Stream
Event: 0.451 loading class java/util/stream/Stream done
Event: 0.451 loading class java/util/stream/ReferencePipeline done
Event: 0.451 loading class java/util/stream/ReferencePipeline$Head done
Event: 0.454 Executing VM operation: ParallelGCFailedAllocation
Event: 0.456 Executing VM operation: ParallelGCFailedAllocation done
Event: 0.475 Executing VM operation: ParallelGCFailedAllocation
Event: 0.477 Executing VM operation: ParallelGCFailedAllocation done


Dynamic libraries:
0x00007ff7ada40000 - 0x00007ff7ada77000 	C:\Program Files\Java\jre1.8.0_191\bin\javaw.exe
0x00007ff9196d0000 - 0x00007ff9198b1000 	C:\WINDOWS\SYSTEM32\ntdll.dll
0x00007ff917b00000 - 0x00007ff917bb2000 	C:\WINDOWS\System32\KERNEL32.DLL
0x00007ff915c10000 - 0x00007ff915e83000 	C:\WINDOWS\System32\KERNELBASE.dll
0x00007ff917d20000 - 0x00007ff917dc1000 	C:\WINDOWS\System32\ADVAPI32.dll
0x00007ff9181c0000 - 0x00007ff91825e000 	C:\WINDOWS\System32\msvcrt.dll
0x00007ff918160000 - 0x00007ff9181bb000 	C:\WINDOWS\System32\sechost.dll
0x00007ff916ee0000 - 0x00007ff917004000 	C:\WINDOWS\System32\RPCRT4.dll
0x00007ff9173a0000 - 0x00007ff917530000 	C:\WINDOWS\System32\USER32.dll
0x00007ff915bf0000 - 0x00007ff915c10000 	C:\WINDOWS\System32\win32u.dll
0x00007ff917ad0000 - 0x00007ff917af8000 	C:\WINDOWS\System32\GDI32.dll
0x00007ff9169c0000 - 0x00007ff916b52000 	C:\WINDOWS\System32\gdi32full.dll
0x00007ff916870000 - 0x00007ff91690f000 	C:\WINDOWS\System32\msvcp_win.dll
0x00007ff915af0000 - 0x00007ff915bea000 	C:\WINDOWS\System32\ucrtbase.dll
0x00007ff906190000 - 0x00007ff9063f9000 	C:\WINDOWS\WinSxS\amd64_microsoft.windows.common-controls_6595b64144ccf1df_6.0.17134.472_none_fb3f9af53068156d\COMCTL32.dll
0x00007ff917010000 - 0x00007ff917332000 	C:\WINDOWS\System32\combase.dll
0x00007ff915e90000 - 0x00007ff915f0a000 	C:\WINDOWS\System32\bcryptPrimitives.dll
0x00007ff917dd0000 - 0x00007ff917dfd000 	C:\WINDOWS\System32\IMM32.DLL
0x000000006d520000 - 0x000000006d5f2000 	C:\Program Files\Java\jre1.8.0_191\bin\msvcr100.dll
0x000000006d740000 - 0x000000006dfe4000 	C:\Program Files\Java\jre1.8.0_191\bin\server\jvm.dll
0x00007ff917a50000 - 0x00007ff917a58000 	C:\WINDOWS\System32\PSAPI.DLL
0x00007ff906dc0000 - 0x00007ff906dc9000 	C:\WINDOWS\SYSTEM32\WSOCK32.dll
0x00007ff911130000 - 0x00007ff911153000 	C:\WINDOWS\SYSTEM32\WINMM.dll
0x00007ff911980000 - 0x00007ff91198a000 	C:\WINDOWS\SYSTEM32\VERSION.dll
0x00007ff9179e0000 - 0x00007ff917a4c000 	C:\WINDOWS\System32\WS2_32.dll
0x00007ff911030000 - 0x00007ff91105a000 	C:\WINDOWS\SYSTEM32\WINMMBASE.dll
0x00007ff915aa0000 - 0x00007ff915ae9000 	C:\WINDOWS\System32\cfgmgr32.dll
0x000000006d730000 - 0x000000006d73f000 	C:\Program Files\Java\jre1.8.0_191\bin\verify.dll
0x000000006d700000 - 0x000000006d729000 	C:\Program Files\Java\jre1.8.0_191\bin\java.dll
0x000000006d6b0000 - 0x000000006d6c6000 	C:\Program Files\Java\jre1.8.0_191\bin\zip.dll
0x00007ff918260000 - 0x00007ff9196a0000 	C:\WINDOWS\System32\SHELL32.dll
0x00007ff9180b0000 - 0x00007ff918159000 	C:\WINDOWS\System32\shcore.dll
0x00007ff916160000 - 0x00007ff91686d000 	C:\WINDOWS\System32\windows.storage.dll
0x00007ff917980000 - 0x00007ff9179d1000 	C:\WINDOWS\System32\shlwapi.dll
0x00007ff915a80000 - 0x00007ff915a91000 	C:\WINDOWS\System32\kernel.appcore.dll
0x00007ff915a10000 - 0x00007ff915a2f000 	C:\WINDOWS\System32\profapi.dll
0x00007ff915a30000 - 0x00007ff915a7c000 	C:\WINDOWS\System32\powrprof.dll
0x00007ff9159e0000 - 0x00007ff9159ea000 	C:\WINDOWS\System32\FLTLIB.DLL
0x00007ff8caa90000 - 0x00007ff8ccab5000 	C:\Program Files\IBM\ILOG\CPLEX_Studio128\cplex\bin\x64_win64\cplex1280remotejni.dll
0x00007ff911ea0000 - 0x00007ff911eb6000 	C:\Program Files\Java\jre1.8.0_191\bin\VCRUNTIME140.dll
0x00007ff9143f0000 - 0x00007ff9145b9000 	C:\WINDOWS\SYSTEM32\dbghelp.dll

VM Arguments:
jvm_args: -Djava.library.path=C:\Program Files\IBM\ILOG\CPLEX_Studio128\cplex\bin\x64_win64 -Dfile.encoding=Cp1252 
java_command: main.Main
java_class_path (initial): C:\Program Files\Java\jre1.8.0_191\lib\resources.jar;C:\Program Files\Java\jre1.8.0_191\lib\rt.jar;C:\Program Files\Java\jre1.8.0_191\lib\jsse.jar;C:\Program Files\Java\jre1.8.0_191\lib\jce.jar;C:\Program Files\Java\jre1.8.0_191\lib\charsets.jar;C:\Program Files\Java\jre1.8.0_191\lib\jfr.jar;C:\Program Files\Java\jre1.8.0_191\lib\ext\access-bridge-64.jar;C:\Program Files\Java\jre1.8.0_191\lib\ext\cldrdata.jar;C:\Program Files\Java\jre1.8.0_191\lib\ext\dnsns.jar;C:\Program Files\Java\jre1.8.0_191\lib\ext\jaccess.jar;C:\Program Files\Java\jre1.8.0_191\lib\ext\jfxrt.jar;C:\Program Files\Java\jre1.8.0_191\lib\ext\localedata.jar;C:\Program Files\Java\jre1.8.0_191\lib\ext\nashorn.jar;C:\Program Files\Java\jre1.8.0_191\lib\ext\sunec.jar;C:\Program Files\Java\jre1.8.0_191\lib\ext\sunjce_provider.jar;C:\Program Files\Java\jre1.8.0_191\lib\ext\sunmscapi.jar;C:\Program Files\Java\jre1.8.0_191\lib\ext\sunpkcs11.jar;C:\Program Files\Java\jre1.8.0_191\lib\ext\zipfs.jar;C:\Users\Ninita\Desktop\gametheory\Masterprojekt\bin;C:\Program Files\IBM\ILOG\CPLEX_Studio128\cplex\lib\cplex.jar
Launcher Type: SUN_STANDARD

Environment Variables:
PATH=C:/Program Files/Java/jre1.8.0_191/bin/server;C:/Program Files/Java/jre1.8.0_191/bin;C:/Program Files/Java/jre1.8.0_191/lib/amd64;C:\Program Files\IBM\ILOG\CPLEX_Studio128\opl\bin\x64_win64;C:\Program Files\IBM\ILOG\CPLEX_Studio128\opl\oplide\;C:\Program Files\IBM\ILOG\CPLEX_Studio128\cplex\bin\x64_win64;C:\Program Files\IBM\ILOG\CPLEX_Studio128\cpoptimizer\bin\x64_win64;C:\Program Files (x86)\Common Files\Oracle\Java\javapath;C:\ProgramData\Oracle\Java\javapath;C:\Program Files (x86)\Intel\iCLS Client\;C:\Program Files\Intel\iCLS Client\;C:\Windows\system32;C:\Windows;C:\Windows\System32\Wbem;C:\Windows\System32\WindowsPowerShell\v1.0\;C:\Program Files (x86)\NVIDIA Corporation\PhysX\Common;C:\Program Files (x86)\Intel\Intel(R) Management Engine Components\DAL;C:\Program Files\Intel\Intel(R) Management Engine Components\DAL;C:\Program Files (x86)\Intel\Intel(R) Management Engine Components\IPT;C:\Program Files\Intel\Intel(R) Management Engine Components\IPT;C:\Program Files\PuTTY\;C:\WINDOWS\system32;C:\WINDOWS;C:\WINDOWS\System32\Wbem;C:\WINDOWS\System32\WindowsPowerShell\v1.0\;C:\Strawberry\c\bin;C:\Strawberry\perl\site\bin;C:\Strawberry\perl\bin;C:\Program Files\MiKTeX 2.9\miktex\bin\x64\;C:\WINDOWS\System32\OpenSSH\;C:\Users\Ninita\AppData\Local\Microsoft\WindowsApps;C:\Users\Ninita\AppData\Local\GitHubDesktop\bin;C:\WINDOWS\system32;
USERNAME=Ninita
OS=Windows_NT
PROCESSOR_IDENTIFIER=Intel64 Family 6 Model 158 Stepping 9, GenuineIntel



---------------  S Y S T E M  ---------------

OS: Windows 10.0 , 64 bit Build 17134 (10.0.17134.1)

CPU:total 8 (initial active 8) (4 cores per cpu, 2 threads per core) family 6 model 158 stepping 9, cmov, cx8, fxsr, mmx, sse, sse2, sse3, ssse3, sse4.1, sse4.2, popcnt, avx, avx2, aes, clmul, erms, 3dnowpref, lzcnt, ht, tsc, tscinvbit, bmi1, bmi2, adx

Memory: 4k page, physical 8340696k(4929492k free), swap 14734552k(9906720k free)

vm_info: Java HotSpot(TM) 64-Bit Server VM (25.191-b12) for windows-amd64 JRE (1.8.0_191-b12), built on Oct  6 2018 09:29:03 by "java_re" with MS VC++ 10.0 (VS2010)

time: Thu Dec 20 16:06:30 2018
elapsed time: 0 seconds (0d 0h 0m 0s)

