#
# A fatal error has been detected by the Java Runtime Environment:
#
#  EXCEPTION_ACCESS_VIOLATION (0xc0000005) at pc=0x00007ff8ca01c79d, pid=12352, tid=0x0000000000002d38
#
# JRE version: Java(TM) SE Runtime Environment (8.0_191-b12) (build 1.8.0_191-b12)
# Java VM: Java HotSpot(TM) 64-Bit Server VM (25.191-b12 mixed mode windows-amd64 compressed oops)
# Problematic frame:
# C  [cplex1280remotejni.dll+0x39c79d]
#
# Failed to write core dump. Minidumps are not enabled by default on client versions of Windows
#
# If you would like to submit a bug report, please visit:
#   http://bugreport.java.com/bugreport/crash.jsp
# The crash happened outside the Java Virtual Machine in native code.
# See problematic frame for where to report the bug.
#

---------------  T H R E A D  ---------------

Current thread (0x00000000032ce000):  JavaThread "main" [_thread_in_native, id=11576, stack(0x0000000002f30000,0x0000000003030000)]

siginfo: ExceptionCode=0xc0000005, reading address 0xffffffffffffffff

Registers:
RAX=0x000000001b8b7450, RBX=0x0000000000000002, RCX=0x80003300203ae2a7, RDX=0x000000001c1622b0
RSP=0x000000000302eb80, RBP=0x0000000000000000, RSI=0x000000000000000c, RDI=0x000000001b8b6580
R8 =0x000000000000000c, R9 =0x0000000000000000, R10=0x0000000000000001, R11=0x0000000000000001
R12=0x000000000000000c, R13=0x0000000000000000, R14=0x0000000000000000, R15=0x000000001b844ea0
RIP=0x00007ff8ca01c79d, EFLAGS=0x0000000000010297

Top of Stack: (sp=0x000000000302eb80)
0x000000000302eb80:   00000000011e0000 00007ff9196e6ff8
0x000000000302eb90:   00000000011e0000 0000000100086f30
0x000000000302eba0:   0000000000000000 0000000000000000
0x000000000302ebb0:   0000000000000000 00007ff8c9ea7cbc
0x000000000302ebc0:   0000000000000001 0000000000000000
0x000000000302ebd0:   0000000000000007 0000000000000000
0x000000000302ebe0:   000000001b844ea0 0000000000000007
0x000000000302ebf0:   000000001b844ea0 0000000000000001
0x000000000302ec00:   000000000000002a 0000000000000000
0x000000000302ec10:   000000001b847d70 0000000001201900
0x000000000302ec20:   000000001b7cf380 0000000000000000
0x000000000302ec30:   0000000000000000 000000001c1622b0
0x000000000302ec40:   000000001b7cf240 000000001b7cf7a0
0x000000000302ec50:   0000000000000000 0000000001214d70
0x000000000302ec60:   000000001b7cf700 000000001b7cf5a0
0x000000000302ec70:   0000000000000000 00007ff8c9e1a4e4 

Instructions: (pc=0x00007ff8ca01c79d)
0x00007ff8ca01c77d:   00 00 00 4e 63 0c 97 4c 8b 9c 24 18 01 00 00 48
0x00007ff8ca01c78d:   8b 84 24 28 01 00 00 4b 8b 4c cb 08 46 8b 1c 92
0x00007ff8ca01c79d:   44 89 1c 88 4c 8b 9c 24 18 01 00 00 4b 8b 44 cb
0x00007ff8ca01c7ad:   08 4c 8b 9c 24 10 01 00 00 4d 89 14 c3 49 ff c2 


Register to memory mapping:

RAX=0x000000001b8b7450 is an unknown value
RBX=0x0000000000000002 is an unknown value
RCX=0x80003300203ae2a7 is an unknown value
RDX=0x000000001c1622b0 is an unknown value
RSP=0x000000000302eb80 is pointing into the stack for thread: 0x00000000032ce000
RBP=0x0000000000000000 is an unknown value
RSI=0x000000000000000c is an unknown value
RDI=0x000000001b8b6580 is an unknown value
R8 =0x000000000000000c is an unknown value
R9 =0x0000000000000000 is an unknown value
R10=0x0000000000000001 is an unknown value
R11=0x0000000000000001 is an unknown value
R12=0x000000000000000c is an unknown value
R13=0x0000000000000000 is an unknown value
R14=0x0000000000000000 is an unknown value
R15=0x000000001b844ea0 is an unknown value


Stack: [0x0000000002f30000,0x0000000003030000],  sp=0x000000000302eb80,  free space=1018k
Native frames: (J=compiled Java code, j=interpreted, Vv=VM code, C=native code)

Java frames: (J=compiled Java code, j=interpreted, Vv=VM code)
j  ilog.cplex.Cplex.CPXaddrows(JJIII[D[B[I[I[D[Ljava/lang/String;[Ljava/lang/String;)I+0
j  ilog.cplex.CplexI._addRows(I[D[D[I[I[D[Ljava/lang/String;)V+221
j  ilog.cplex.CplexI.addRow(Lilog/cplex/CpxRange;DDI[I[DLjava/lang/String;)Lilog/cplex/CplexIndex;+67
j  ilog.cplex.CpxRange.init(Lilog/cplex/CplexI;DDI[D[Lilog/cplex/CpxNumVar;)V+81
j  ilog.cplex.CpxRange.<init>(Lilog/cplex/CplexI;DLilog/cplex/CpxNumExpr;DLjava/lang/String;)V+202
j  ilog.cplex.IloCplexModeler.addRange(Lilog/cplex/CplexI;DLilog/concert/IloNumExpr;DLjava/lang/String;)Lilog/concert/IloRange;+38
j  ilog.cplex.IloCplexModeler.addGe(Lilog/concert/IloNumExpr;D)Lilog/concert/IloRange;+11
j  heuristic.RMINTB.solve(LgraphModel/Graphs;)V+256
j  main.Main.main([Ljava/lang/String;)V+369
v  ~StubRoutines::call_stub

---------------  P R O C E S S  ---------------

Java Threads: ( => current thread )
  0x000000001a25b000 JavaThread "Service Thread" daemon [_thread_blocked, id=10560, stack(0x000000001adc0000,0x000000001aec0000)]
  0x000000001a1e1000 JavaThread "C1 CompilerThread3" daemon [_thread_blocked, id=12756, stack(0x000000001acc0000,0x000000001adc0000)]
  0x000000001a1d9000 JavaThread "C2 CompilerThread2" daemon [_thread_blocked, id=11864, stack(0x000000001abc0000,0x000000001acc0000)]
  0x000000001a1d0000 JavaThread "C2 CompilerThread1" daemon [_thread_blocked, id=10564, stack(0x000000001aac0000,0x000000001abc0000)]
  0x000000001a1cb800 JavaThread "C2 CompilerThread0" daemon [_thread_blocked, id=13556, stack(0x000000001a9c0000,0x000000001aac0000)]
  0x000000001a1ca000 JavaThread "Attach Listener" daemon [_thread_blocked, id=3120, stack(0x000000001a8c0000,0x000000001a9c0000)]
  0x000000001a1c9800 JavaThread "Signal Dispatcher" daemon [_thread_blocked, id=13204, stack(0x000000001a7c0000,0x000000001a8c0000)]
  0x000000001a1c0800 JavaThread "Finalizer" daemon [_thread_blocked, id=5712, stack(0x000000001a5a0000,0x000000001a6a0000)]
  0x00000000031d9000 JavaThread "Reference Handler" daemon [_thread_blocked, id=2720, stack(0x000000001a0a0000,0x000000001a1a0000)]
=>0x00000000032ce000 JavaThread "main" [_thread_in_native, id=11576, stack(0x0000000002f30000,0x0000000003030000)]

Other Threads:
  0x00000000182d9800 VMThread [stack: 0x0000000019fa0000,0x000000001a0a0000] [id=7812]
  0x000000001a27c000 WatcherThread [stack: 0x000000001aec0000,0x000000001afc0000] [id=10728]

VM state:not at safepoint (normal execution)

VM Mutex/Monitor currently owned by a thread: None

Heap:
 PSYoungGen      total 38400K, used 7688K [0x00000000d5900000, 0x00000000d8380000, 0x0000000100000000)
  eden space 33280K, 23% used [0x00000000d5900000,0x00000000d6082320,0x00000000d7980000)
  from space 5120K, 0% used [0x00000000d7e80000,0x00000000d7e80000,0x00000000d8380000)
  to   space 5120K, 0% used [0x00000000d7980000,0x00000000d7980000,0x00000000d7e80000)
 ParOldGen       total 87552K, used 0K [0x0000000080a00000, 0x0000000085f80000, 0x00000000d5900000)
  object space 87552K, 0% used [0x0000000080a00000,0x0000000080a00000,0x0000000085f80000)
 Metaspace       used 5422K, capacity 6128K, committed 6400K, reserved 1056768K
  class space    used 617K, capacity 708K, committed 768K, reserved 1048576K

Card table byte_map: [0x0000000012690000,0x0000000012a90000] byte_map_base: 0x000000001228b000

Marking Bits: (ParMarkBitMap*) 0x000000006df63e30
 Begin Bits: [0x0000000013540000, 0x0000000015518000)
 End Bits:   [0x0000000015518000, 0x00000000174f0000)

Polling page: 0x00000000017b0000

CodeCache: size=245760Kb used=2023Kb max_used=2023Kb free=243736Kb
 bounds [0x00000000032d0000, 0x0000000003540000, 0x00000000122d0000]
 total_blobs=821 nmethods=390 adapters=344
 compilation: enabled

Compilation events (10 events):
Event: 0.250 Thread 0x000000001a1e1000 nmethod 379 0x00000000034c0790 code [0x00000000034c0900, 0x00000000034c0b30]
Event: 0.250 Thread 0x000000001a1e1000  380       3       java.util.ArrayList::ensureExplicitCapacity (26 bytes)
Event: 0.250 Thread 0x000000001a1e1000 nmethod 380 0x00000000034c0350 code [0x00000000034c04c0, 0x00000000034c06a8]
Event: 0.251 Thread 0x000000001a1e1000  381       3       java.lang.invoke.MethodType::parameterCount (6 bytes)
Event: 0.251 Thread 0x000000001a1e1000 nmethod 381 0x00000000034c0010 code [0x00000000034c0160, 0x00000000034c02b0]
Event: 0.251 Thread 0x000000001a1e1000  382       3       java.lang.invoke.MemberName::initResolved (53 bytes)
Event: 0.251 Thread 0x000000001a1e1000 nmethod 382 0x00000000034bfc90 code [0x00000000034bfde0, 0x00000000034bffb0]
Event: 0.252 Thread 0x000000001a1d9000  385       4       sun.nio.cs.SingleByte$Encoder::encode (32 bytes)
Event: 0.252 Thread 0x000000001a1e1000  384       3       sun.nio.cs.SingleByte$Encoder::encodeArrayLoop (236 bytes)
Event: 0.253 Thread 0x000000001a1d9000 nmethod 385 0x00000000034be410 code [0x00000000034be560, 0x00000000034be678]

GC Heap History (0 events):
No events

Deoptimization events (0 events):
No events

Classes redefined (0 events):
No events

Internal exceptions (4 events):
Event: 0.032 Thread 0x00000000032ce000 Exception <a 'java/lang/NoSuchMethodError': Method sun.misc.Unsafe.defineClass(Ljava/lang/String;[BII)Ljava/lang/Class; name or signature does not match> (0x00000000d5907cb0) thrown at [C:\re\workspace\8-2-build-windows-amd64-cygwin\jdk8u191\11896\hotspot
Event: 0.032 Thread 0x00000000032ce000 Exception <a 'java/lang/NoSuchMethodError': Method sun.misc.Unsafe.prefetchRead(Ljava/lang/Object;J)V name or signature does not match> (0x00000000d5907f98) thrown at [C:\re\workspace\8-2-build-windows-amd64-cygwin\jdk8u191\11896\hotspot\src\share\vm\prim
Event: 0.113 Thread 0x00000000032ce000 Exception <a 'java/lang/NoSuchFieldError': method resolution failed> (0x00000000d5b0c798) thrown at [C:\re\workspace\8-2-build-windows-amd64-cygwin\jdk8u191\11896\hotspot\src\share\vm\prims\methodHandles.cpp, line 1167]
Event: 0.115 Thread 0x00000000032ce000 Exception <a 'java/lang/NoSuchFieldError': method resolution failed> (0x00000000d5b19b98) thrown at [C:\re\workspace\8-2-build-windows-amd64-cygwin\jdk8u191\11896\hotspot\src\share\vm\prims\methodHandles.cpp, line 1167]

Events (10 events):
Event: 0.249 loading class heuristic/RMINTB
Event: 0.249 loading class heuristic/RMINTB done
Event: 0.250 loading class java/util/Spliterators$ArraySpliterator
Event: 0.251 loading class java/util/Spliterators$ArraySpliterator done
Event: 0.251 loading class java/util/stream/ReferencePipeline$Head
Event: 0.251 loading class java/util/stream/ReferencePipeline
Event: 0.251 loading class java/util/stream/Stream
Event: 0.251 loading class java/util/stream/Stream done
Event: 0.251 loading class java/util/stream/ReferencePipeline done
Event: 0.251 loading class java/util/stream/ReferencePipeline$Head done


Dynamic libraries:
0x00007ff7ada40000 - 0x00007ff7ada77000 	C:\Program Files\Java\jre1.8.0_191\bin\javaw.exe
0x00007ff9196d0000 - 0x00007ff9198b1000 	C:\WINDOWS\SYSTEM32\ntdll.dll
0x00007ff917b00000 - 0x00007ff917bb2000 	C:\WINDOWS\System32\KERNEL32.DLL
0x00007ff915c10000 - 0x00007ff915e83000 	C:\WINDOWS\System32\KERNELBASE.dll
0x00007ff917d20000 - 0x00007ff917dc1000 	C:\WINDOWS\System32\ADVAPI32.dll
0x00007ff9181c0000 - 0x00007ff91825e000 	C:\WINDOWS\System32\msvcrt.dll
0x00007ff918160000 - 0x00007ff9181bb000 	C:\WINDOWS\System32\sechost.dll
0x00007ff916ee0000 - 0x00007ff917004000 	C:\WINDOWS\System32\RPCRT4.dll
0x00007ff9173a0000 - 0x00007ff917530000 	C:\WINDOWS\System32\USER32.dll
0x00007ff915bf0000 - 0x00007ff915c10000 	C:\WINDOWS\System32\win32u.dll
0x00007ff917ad0000 - 0x00007ff917af8000 	C:\WINDOWS\System32\GDI32.dll
0x00007ff9169c0000 - 0x00007ff916b52000 	C:\WINDOWS\System32\gdi32full.dll
0x00007ff916870000 - 0x00007ff91690f000 	C:\WINDOWS\System32\msvcp_win.dll
0x00007ff915af0000 - 0x00007ff915bea000 	C:\WINDOWS\System32\ucrtbase.dll
0x00007ff906190000 - 0x00007ff9063f9000 	C:\WINDOWS\WinSxS\amd64_microsoft.windows.common-controls_6595b64144ccf1df_6.0.17134.472_none_fb3f9af53068156d\COMCTL32.dll
0x00007ff917010000 - 0x00007ff917332000 	C:\WINDOWS\System32\combase.dll
0x00007ff915e90000 - 0x00007ff915f0a000 	C:\WINDOWS\System32\bcryptPrimitives.dll
0x00007ff917dd0000 - 0x00007ff917dfd000 	C:\WINDOWS\System32\IMM32.DLL
0x000000006d520000 - 0x000000006d5f2000 	C:\Program Files\Java\jre1.8.0_191\bin\msvcr100.dll
0x000000006d740000 - 0x000000006dfe4000 	C:\Program Files\Java\jre1.8.0_191\bin\server\jvm.dll
0x00007ff917a50000 - 0x00007ff917a58000 	C:\WINDOWS\System32\PSAPI.DLL
0x00007ff906dc0000 - 0x00007ff906dc9000 	C:\WINDOWS\SYSTEM32\WSOCK32.dll
0x00007ff911130000 - 0x00007ff911153000 	C:\WINDOWS\SYSTEM32\WINMM.dll
0x00007ff911980000 - 0x00007ff91198a000 	C:\WINDOWS\SYSTEM32\VERSION.dll
0x00007ff9179e0000 - 0x00007ff917a4c000 	C:\WINDOWS\System32\WS2_32.dll
0x00007ff911030000 - 0x00007ff91105a000 	C:\WINDOWS\SYSTEM32\winmmbase.dll
0x00007ff915aa0000 - 0x00007ff915ae9000 	C:\WINDOWS\System32\cfgmgr32.dll
0x000000006d730000 - 0x000000006d73f000 	C:\Program Files\Java\jre1.8.0_191\bin\verify.dll
0x000000006d700000 - 0x000000006d729000 	C:\Program Files\Java\jre1.8.0_191\bin\java.dll
0x000000006d6b0000 - 0x000000006d6c6000 	C:\Program Files\Java\jre1.8.0_191\bin\zip.dll
0x00007ff918260000 - 0x00007ff9196a0000 	C:\WINDOWS\System32\SHELL32.dll
0x00007ff9180b0000 - 0x00007ff918159000 	C:\WINDOWS\System32\shcore.dll
0x00007ff916160000 - 0x00007ff91686d000 	C:\WINDOWS\System32\windows.storage.dll
0x00007ff917980000 - 0x00007ff9179d1000 	C:\WINDOWS\System32\shlwapi.dll
0x00007ff915a80000 - 0x00007ff915a91000 	C:\WINDOWS\System32\kernel.appcore.dll
0x00007ff915a10000 - 0x00007ff915a2f000 	C:\WINDOWS\System32\profapi.dll
0x00007ff915a30000 - 0x00007ff915a7c000 	C:\WINDOWS\System32\powrprof.dll
0x00007ff9159e0000 - 0x00007ff9159ea000 	C:\WINDOWS\System32\FLTLIB.DLL
0x00007ff8c9c80000 - 0x00007ff8cbca5000 	C:\Program Files\IBM\ILOG\CPLEX_Studio128\cplex\bin\x64_win64\cplex1280remotejni.dll
0x00007ff9128c0000 - 0x00007ff9128d6000 	C:\Program Files\Java\jre1.8.0_191\bin\VCRUNTIME140.dll
0x00007ff9143f0000 - 0x00007ff9145b9000 	C:\WINDOWS\SYSTEM32\dbghelp.dll

VM Arguments:
jvm_args: -Djava.library.path=C:\Program Files\IBM\ILOG\CPLEX_Studio128\cplex\bin\x64_win64 -Dfile.encoding=Cp1252 
java_command: main.Main
java_class_path (initial): C:\Program Files\Java\jre1.8.0_191\lib\resources.jar;C:\Program Files\Java\jre1.8.0_191\lib\rt.jar;C:\Program Files\Java\jre1.8.0_191\lib\jsse.jar;C:\Program Files\Java\jre1.8.0_191\lib\jce.jar;C:\Program Files\Java\jre1.8.0_191\lib\charsets.jar;C:\Program Files\Java\jre1.8.0_191\lib\jfr.jar;C:\Program Files\Java\jre1.8.0_191\lib\ext\access-bridge-64.jar;C:\Program Files\Java\jre1.8.0_191\lib\ext\cldrdata.jar;C:\Program Files\Java\jre1.8.0_191\lib\ext\dnsns.jar;C:\Program Files\Java\jre1.8.0_191\lib\ext\jaccess.jar;C:\Program Files\Java\jre1.8.0_191\lib\ext\jfxrt.jar;C:\Program Files\Java\jre1.8.0_191\lib\ext\localedata.jar;C:\Program Files\Java\jre1.8.0_191\lib\ext\nashorn.jar;C:\Program Files\Java\jre1.8.0_191\lib\ext\sunec.jar;C:\Program Files\Java\jre1.8.0_191\lib\ext\sunjce_provider.jar;C:\Program Files\Java\jre1.8.0_191\lib\ext\sunmscapi.jar;C:\Program Files\Java\jre1.8.0_191\lib\ext\sunpkcs11.jar;C:\Program Files\Java\jre1.8.0_191\lib\ext\zipfs.jar;C:\Users\Ninita\Desktop\gametheory\Masterprojekt\bin;C:\Program Files\IBM\ILOG\CPLEX_Studio128\cplex\lib\cplex.jar
Launcher Type: SUN_STANDARD

Environment Variables:
PATH=C:/Program Files/Java/jre1.8.0_191/bin/server;C:/Program Files/Java/jre1.8.0_191/bin;C:/Program Files/Java/jre1.8.0_191/lib/amd64;C:\Program Files\IBM\ILOG\CPLEX_Studio128\opl\bin\x64_win64;C:\Program Files\IBM\ILOG\CPLEX_Studio128\opl\oplide\;C:\Program Files\IBM\ILOG\CPLEX_Studio128\cplex\bin\x64_win64;C:\Program Files\IBM\ILOG\CPLEX_Studio128\cpoptimizer\bin\x64_win64;C:\Program Files (x86)\Common Files\Oracle\Java\javapath;C:\ProgramData\Oracle\Java\javapath;C:\Program Files (x86)\Intel\iCLS Client\;C:\Program Files\Intel\iCLS Client\;C:\Windows\system32;C:\Windows;C:\Windows\System32\Wbem;C:\Windows\System32\WindowsPowerShell\v1.0\;C:\Program Files (x86)\NVIDIA Corporation\PhysX\Common;C:\Program Files (x86)\Intel\Intel(R) Management Engine Components\DAL;C:\Program Files\Intel\Intel(R) Management Engine Components\DAL;C:\Program Files (x86)\Intel\Intel(R) Management Engine Components\IPT;C:\Program Files\Intel\Intel(R) Management Engine Components\IPT;C:\Program Files\PuTTY\;C:\WINDOWS\system32;C:\WINDOWS;C:\WINDOWS\System32\Wbem;C:\WINDOWS\System32\WindowsPowerShell\v1.0\;C:\Strawberry\c\bin;C:\Strawberry\perl\site\bin;C:\Strawberry\perl\bin;C:\Program Files\MiKTeX 2.9\miktex\bin\x64\;C:\WINDOWS\System32\OpenSSH\;C:\Users\Ninita\AppData\Local\Microsoft\WindowsApps;C:\Users\Ninita\AppData\Local\GitHubDesktop\bin;C:\WINDOWS\system32;
USERNAME=Ninita
OS=Windows_NT
PROCESSOR_IDENTIFIER=Intel64 Family 6 Model 158 Stepping 9, GenuineIntel



---------------  S Y S T E M  ---------------

OS: Windows 10.0 , 64 bit Build 17134 (10.0.17134.1)

CPU:total 8 (initial active 8) (4 cores per cpu, 2 threads per core) family 6 model 158 stepping 9, cmov, cx8, fxsr, mmx, sse, sse2, sse3, ssse3, sse4.1, sse4.2, popcnt, avx, avx2, aes, clmul, erms, 3dnowpref, lzcnt, ht, tsc, tscinvbit, bmi1, bmi2, adx

Memory: 4k page, physical 8340696k(4996468k free), swap 14734552k(9987620k free)

vm_info: Java HotSpot(TM) 64-Bit Server VM (25.191-b12) for windows-amd64 JRE (1.8.0_191-b12), built on Oct  6 2018 09:29:03 by "java_re" with MS VC++ 10.0 (VS2010)

time: Thu Dec 20 16:16:42 2018
elapsed time: 0 seconds (0d 0h 0m 0s)

